{"/Users/jose/Documents/CSI-CyberLab/backend/.eslintrc.js": {"path":"/Users/jose/Documents/CSI-CyberLab/backend/.eslintrc.js","statementMap":{"0":{"start":{"line":1,"column":0},"end":{"line":25,"column":2}}},"fnMap":{},"branchMap":{},"s":{"0":0},"f":{},"b":{}}
,"/Users/jose/Documents/CSI-CyberLab/backend/compile-data-source.ts": {"path":"/Users/jose/Documents/CSI-CyberLab/backend/compile-data-source.ts","statementMap":{"0":{"start":{"line":2,"column":0},"end":{"line":2,"column":27}}},"fnMap":{},"branchMap":{},"s":{"0":0},"f":{},"b":{}}
,"/Users/jose/Documents/CSI-CyberLab/backend/data-source.ts": {"path":"/Users/jose/Documents/CSI-CyberLab/backend/data-source.ts","statementMap":{"0":{"start":{"line":1,"column":0},"end":{"line":1,"column":37}},"1":{"start":{"line":2,"column":0},"end":{"line":2,"column":47}},"2":{"start":{"line":3,"column":0},"end":{"line":3,"column":57}},"3":{"start":{"line":4,"column":0},"end":{"line":4,"column":44}},"4":{"start":{"line":5,"column":0},"end":{"line":5,"column":46}},"5":{"start":{"line":6,"column":0},"end":{"line":6,"column":50}},"6":{"start":{"line":7,"column":0},"end":{"line":7,"column":52}},"7":{"start":{"line":8,"column":0},"end":{"line":8,"column":78}},"8":{"start":{"line":9,"column":0},"end":{"line":9,"column":68}},"9":{"start":{"line":10,"column":0},"end":{"line":10,"column":60}},"10":{"start":{"line":11,"column":0},"end":{"line":11,"column":64}},"11":{"start":{"line":12,"column":0},"end":{"line":12,"column":62}},"12":{"start":{"line":14,"column":13},"end":{"line":36,"column":3}},"13":{"start":{"line":38,"column":0},"end":{"line":38,"column":29}}},"fnMap":{},"branchMap":{"0":{"loc":{"start":{"line":16,"column":8},"end":{"line":16,"column":48}},"type":"binary-expr","locations":[{"start":{"line":16,"column":8},"end":{"line":16,"column":33}},{"start":{"line":16,"column":37},"end":{"line":16,"column":48}}]},"1":{"loc":{"start":{"line":17,"column":17},"end":{"line":17,"column":52}},"type":"binary-expr","locations":[{"start":{"line":17,"column":17},"end":{"line":17,"column":42}},{"start":{"line":17,"column":46},"end":{"line":17,"column":52}}]},"2":{"loc":{"start":{"line":18,"column":12},"end":{"line":18,"column":47}},"type":"binary-expr","locations":[{"start":{"line":18,"column":12},"end":{"line":18,"column":37}},{"start":{"line":18,"column":41},"end":{"line":18,"column":47}}]},"3":{"loc":{"start":{"line":19,"column":12},"end":{"line":19,"column":53}},"type":"binary-expr","locations":[{"start":{"line":19,"column":12},"end":{"line":19,"column":41}},{"start":{"line":19,"column":45},"end":{"line":19,"column":53}}]},"4":{"loc":{"start":{"line":20,"column":12},"end":{"line":20,"column":54}},"type":"binary-expr","locations":[{"start":{"line":20,"column":12},"end":{"line":20,"column":37}},{"start":{"line":20,"column":41},"end":{"line":20,"column":54}}]}},"s":{"0":0,"1":0,"2":0,"3":0,"4":0,"5":0,"6":0,"7":0,"8":0,"9":0,"10":0,"11":0,"12":0,"13":0},"f":{},"b":{"0":[0,0],"1":[0,0],"2":[0,0],"3":[0,0],"4":[0,0]}}
,"/Users/jose/Documents/CSI-CyberLab/backend/jest.config.js": {"path":"/Users/jose/Documents/CSI-CyberLab/backend/jest.config.js","statementMap":{"0":{"start":{"line":1,"column":0},"end":{"line":17,"column":2}}},"fnMap":{},"branchMap":{},"s":{"0":0},"f":{},"b":{}}
,"/Users/jose/Documents/CSI-CyberLab/backend/dist/compile-data-source.d.ts": {"path":"/Users/jose/Documents/CSI-CyberLab/backend/dist/compile-data-source.d.ts","statementMap":{},"fnMap":{},"branchMap":{},"s":{},"f":{},"b":{}}
,"/Users/jose/Documents/CSI-CyberLab/backend/dist/compile-data-source.js": {"path":"/Users/jose/Documents/CSI-CyberLab/backend/dist/compile-data-source.js","statementMap":{"0":{"start":{"line":2,"column":0},"end":{"line":2,"column":62}},"1":{"start":{"line":3,"column":0},"end":{"line":3,"column":29}}},"fnMap":{},"branchMap":{},"s":{"0":0,"1":0},"f":{},"b":{}}
,"/Users/jose/Documents/CSI-CyberLab/backend/dist/data-source.d.ts": {"path":"/Users/jose/Documents/CSI-CyberLab/backend/dist/data-source.d.ts","statementMap":{},"fnMap":{},"branchMap":{},"s":{},"f":{},"b":{}}
,"/Users/jose/Documents/CSI-CyberLab/backend/dist/data-source.js": {"path":"/Users/jose/Documents/CSI-CyberLab/backend/dist/data-source.js","statementMap":{"0":{"start":{"line":2,"column":0},"end":{"line":2,"column":62}},"1":{"start":{"line":3,"column":0},"end":{"line":3,"column":31}},"2":{"start":{"line":4,"column":18},"end":{"line":4,"column":36}},"3":{"start":{"line":5,"column":22},"end":{"line":5,"column":56}},"4":{"start":{"line":6,"column":26},"end":{"line":6,"column":67}},"5":{"start":{"line":7,"column":21},"end":{"line":7,"column":53}},"6":{"start":{"line":8,"column":22},"end":{"line":8,"column":55}},"7":{"start":{"line":9,"column":23},"end":{"line":9,"column":59}},"8":{"start":{"line":10,"column":24},"end":{"line":10,"column":61}},"9":{"start":{"line":11,"column":33},"end":{"line":11,"column":88}},"10":{"start":{"line":12,"column":20},"end":{"line":12,"column":64}},"11":{"start":{"line":13,"column":26},"end":{"line":13,"column":69}},"12":{"start":{"line":14,"column":28},"end":{"line":14,"column":73}},"13":{"start":{"line":15,"column":27},"end":{"line":15,"column":71}},"14":{"start":{"line":16,"column":0},"end":{"line":38,"column":3}},"15":{"start":{"line":39,"column":0},"end":{"line":39,"column":40}}},"fnMap":{},"branchMap":{"0":{"loc":{"start":{"line":18,"column":10},"end":{"line":18,"column":50}},"type":"binary-expr","locations":[{"start":{"line":18,"column":10},"end":{"line":18,"column":35}},{"start":{"line":18,"column":39},"end":{"line":18,"column":50}}],"line":18},"1":{"loc":{"start":{"line":19,"column":19},"end":{"line":19,"column":54}},"type":"binary-expr","locations":[{"start":{"line":19,"column":19},"end":{"line":19,"column":44}},{"start":{"line":19,"column":48},"end":{"line":19,"column":54}}],"line":19},"2":{"loc":{"start":{"line":20,"column":14},"end":{"line":20,"column":49}},"type":"binary-expr","locations":[{"start":{"line":20,"column":14},"end":{"line":20,"column":39}},{"start":{"line":20,"column":43},"end":{"line":20,"column":49}}],"line":20},"3":{"loc":{"start":{"line":21,"column":14},"end":{"line":21,"column":55}},"type":"binary-expr","locations":[{"start":{"line":21,"column":14},"end":{"line":21,"column":43}},{"start":{"line":21,"column":47},"end":{"line":21,"column":55}}],"line":21},"4":{"loc":{"start":{"line":22,"column":14},"end":{"line":22,"column":56}},"type":"binary-expr","locations":[{"start":{"line":22,"column":14},"end":{"line":22,"column":39}},{"start":{"line":22,"column":43},"end":{"line":22,"column":56}}],"line":22}},"s":{"0":0,"1":0,"2":0,"3":0,"4":0,"5":0,"6":0,"7":0,"8":0,"9":0,"10":0,"11":0,"12":0,"13":0,"14":0,"15":0},"f":{},"b":{"0":[0,0],"1":[0,0],"2":[0,0],"3":[0,0],"4":[0,0]}}
,"/Users/jose/Documents/CSI-CyberLab/backend/dist/migration/1765810196237-ConvertUserIdToString.d.ts": {"path":"/Users/jose/Documents/CSI-CyberLab/backend/dist/migration/1765810196237-ConvertUserIdToString.d.ts","statementMap":{},"fnMap":{},"branchMap":{},"s":{},"f":{},"b":{}}
,"/Users/jose/Documents/CSI-CyberLab/backend/dist/migration/1765810196237-ConvertUserIdToString.js": {"path":"/Users/jose/Documents/CSI-CyberLab/backend/dist/migration/1765810196237-ConvertUserIdToString.js","statementMap":{"0":{"start":{"line":2,"column":0},"end":{"line":2,"column":62}},"1":{"start":{"line":3,"column":0},"end":{"line":3,"column":52}},"2":{"start":{"line":6,"column":8},"end":{"line":6,"column":87}},"3":{"start":{"line":7,"column":8},"end":{"line":12,"column":11}},"4":{"start":{"line":13,"column":8},"end":{"line":17,"column":11}},"5":{"start":{"line":18,"column":8},"end":{"line":18,"column":79}},"6":{"start":{"line":19,"column":8},"end":{"line":19,"column":97}},"7":{"start":{"line":20,"column":8},"end":{"line":20,"column":176}},"8":{"start":{"line":23,"column":8},"end":{"line":23,"column":87}},"9":{"start":{"line":24,"column":8},"end":{"line":29,"column":11}},"10":{"start":{"line":30,"column":8},"end":{"line":30,"column":113}},"11":{"start":{"line":31,"column":8},"end":{"line":31,"column":79}},"12":{"start":{"line":32,"column":8},"end":{"line":32,"column":97}},"13":{"start":{"line":35,"column":0},"end":{"line":35,"column":80}}},"fnMap":{"0":{"name":"(anonymous_0)","decl":{"start":{"line":5,"column":4},"end":{"line":5,"column":5}},"loc":{"start":{"line":5,"column":26},"end":{"line":21,"column":5}},"line":5},"1":{"name":"(anonymous_1)","decl":{"start":{"line":22,"column":4},"end":{"line":22,"column":5}},"loc":{"start":{"line":22,"column":28},"end":{"line":33,"column":5}},"line":22}},"branchMap":{},"s":{"0":0,"1":0,"2":0,"3":0,"4":0,"5":0,"6":0,"7":0,"8":0,"9":0,"10":0,"11":0,"12":0,"13":0},"f":{"0":0,"1":0},"b":{}}
,"/Users/jose/Documents/CSI-CyberLab/backend/dist/migrations/1765808067607-ChangeUserLabIdsToUuid.d.ts": {"path":"/Users/jose/Documents/CSI-CyberLab/backend/dist/migrations/1765808067607-ChangeUserLabIdsToUuid.d.ts","statementMap":{},"fnMap":{},"branchMap":{},"s":{},"f":{},"b":{}}
,"/Users/jose/Documents/CSI-CyberLab/backend/dist/migrations/1765808067607-ChangeUserLabIdsToUuid.js": {"path":"/Users/jose/Documents/CSI-CyberLab/backend/dist/migrations/1765808067607-ChangeUserLabIdsToUuid.js","statementMap":{},"fnMap":{},"branchMap":{},"s":{},"f":{},"b":{}}
,"/Users/jose/Documents/CSI-CyberLab/backend/dist/migrations/1765808067610-ChangeUserLabUserIdToText.d.ts": {"path":"/Users/jose/Documents/CSI-CyberLab/backend/dist/migrations/1765808067610-ChangeUserLabUserIdToText.d.ts","statementMap":{},"fnMap":{},"branchMap":{},"s":{},"f":{},"b":{}}
,"/Users/jose/Documents/CSI-CyberLab/backend/dist/migrations/1765808067610-ChangeUserLabUserIdToText.js": {"path":"/Users/jose/Documents/CSI-CyberLab/backend/dist/migrations/1765808067610-ChangeUserLabUserIdToText.js","statementMap":{"0":{"start":{"line":2,"column":0},"end":{"line":2,"column":62}},"1":{"start":{"line":3,"column":0},"end":{"line":3,"column":56}},"2":{"start":{"line":6,"column":8},"end":{"line":6,"column":87}},"3":{"start":{"line":7,"column":8},"end":{"line":12,"column":11}},"4":{"start":{"line":13,"column":8},"end":{"line":13,"column":114}},"5":{"start":{"line":14,"column":8},"end":{"line":14,"column":87}},"6":{"start":{"line":15,"column":8},"end":{"line":15,"column":97}},"7":{"start":{"line":18,"column":8},"end":{"line":18,"column":90}},"8":{"start":{"line":19,"column":8},"end":{"line":24,"column":11}},"9":{"start":{"line":25,"column":8},"end":{"line":25,"column":143}},"10":{"start":{"line":26,"column":8},"end":{"line":26,"column":87}},"11":{"start":{"line":27,"column":8},"end":{"line":27,"column":97}},"12":{"start":{"line":28,"column":8},"end":{"line":28,"column":159}},"13":{"start":{"line":31,"column":0},"end":{"line":31,"column":88}}},"fnMap":{"0":{"name":"(anonymous_0)","decl":{"start":{"line":5,"column":4},"end":{"line":5,"column":5}},"loc":{"start":{"line":5,"column":26},"end":{"line":16,"column":5}},"line":5},"1":{"name":"(anonymous_1)","decl":{"start":{"line":17,"column":4},"end":{"line":17,"column":5}},"loc":{"start":{"line":17,"column":28},"end":{"line":29,"column":5}},"line":17}},"branchMap":{},"s":{"0":0,"1":0,"2":0,"3":0,"4":0,"5":0,"6":0,"7":0,"8":0,"9":0,"10":0,"11":0,"12":0,"13":0},"f":{"0":0,"1":0},"b":{}}
,"/Users/jose/Documents/CSI-CyberLab/backend/dist/migrations/1765810196237-ConvertUserIdToString.d.ts": {"path":"/Users/jose/Documents/CSI-CyberLab/backend/dist/migrations/1765810196237-ConvertUserIdToString.d.ts","statementMap":{},"fnMap":{},"branchMap":{},"s":{},"f":{},"b":{}}
,"/Users/jose/Documents/CSI-CyberLab/backend/dist/migrations/1765810196237-ConvertUserIdToString.js": {"path":"/Users/jose/Documents/CSI-CyberLab/backend/dist/migrations/1765810196237-ConvertUserIdToString.js","statementMap":{"0":{"start":{"line":2,"column":0},"end":{"line":2,"column":62}},"1":{"start":{"line":3,"column":0},"end":{"line":3,"column":53}},"2":{"start":{"line":5,"column":11},"end":{"line":5,"column":48}},"3":{"start":{"line":7,"column":8},"end":{"line":10,"column":7}},"4":{"start":{"line":11,"column":8},"end":{"line":14,"column":7}},"5":{"start":{"line":15,"column":8},"end":{"line":19,"column":7}},"6":{"start":{"line":22,"column":8},"end":{"line":25,"column":7}},"7":{"start":{"line":26,"column":8},"end":{"line":29,"column":7}},"8":{"start":{"line":32,"column":0},"end":{"line":32,"column":82}}},"fnMap":{"0":{"name":"(anonymous_0)","decl":{"start":{"line":6,"column":4},"end":{"line":6,"column":5}},"loc":{"start":{"line":6,"column":26},"end":{"line":20,"column":5}},"line":6},"1":{"name":"(anonymous_1)","decl":{"start":{"line":21,"column":4},"end":{"line":21,"column":5}},"loc":{"start":{"line":21,"column":28},"end":{"line":30,"column":5}},"line":21}},"branchMap":{},"s":{"0":0,"1":0,"2":0,"3":0,"4":0,"5":0,"6":0,"7":0,"8":0},"f":{"0":0,"1":0},"b":{}}
,"/Users/jose/Documents/CSI-CyberLab/backend/dist/src/app.controller.d.ts": {"path":"/Users/jose/Documents/CSI-CyberLab/backend/dist/src/app.controller.d.ts","statementMap":{},"fnMap":{},"branchMap":{},"s":{},"f":{},"b":{}}
,"/Users/jose/Documents/CSI-CyberLab/backend/dist/src/app.controller.js": {"path":"/Users/jose/Documents/CSI-CyberLab/backend/dist/src/app.controller.js","statementMap":{"0":{"start":{"line":2,"column":17},"end":{"line":7,"column":1}},"1":{"start":{"line":3,"column":12},"end":{"line":3,"column":28}},"2":{"start":{"line":3,"column":34},"end":{"line":3,"column":125}},"3":{"start":{"line":4,"column":4},"end":{"line":5,"column":150}},"4":{"start":{"line":4,"column":79},"end":{"line":4,"column":131}},"5":{"start":{"line":5,"column":9},"end":{"line":5,"column":150}},"6":{"start":{"line":5,"column":22},"end":{"line":5,"column":43}},"7":{"start":{"line":5,"column":58},"end":{"line":5,"column":150}},"8":{"start":{"line":5,"column":81},"end":{"line":5,"column":150}},"9":{"start":{"line":6,"column":4},"end":{"line":6,"column":66}},"10":{"start":{"line":8,"column":17},"end":{"line":10,"column":1}},"11":{"start":{"line":9,"column":4},"end":{"line":9,"column":109}},"12":{"start":{"line":9,"column":79},"end":{"line":9,"column":109}},"13":{"start":{"line":11,"column":0},"end":{"line":11,"column":62}},"14":{"start":{"line":12,"column":0},"end":{"line":12,"column":31}},"15":{"start":{"line":13,"column":17},"end":{"line":13,"column":42}},"16":{"start":{"line":14,"column":22},"end":{"line":14,"column":46}},"17":{"start":{"line":15,"column":20},"end":{"line":37,"column":1}},"18":{"start":{"line":18,"column":8},"end":{"line":18,"column":37}},"19":{"start":{"line":21,"column":8},"end":{"line":23,"column":10}},"20":{"start":{"line":26,"column":8},"end":{"line":35,"column":9}},"21":{"start":{"line":27,"column":27},"end":{"line":27,"column":68}},"22":{"start":{"line":28,"column":12},"end":{"line":31,"column":14}},"23":{"start":{"line":34,"column":12},"end":{"line":34,"column":128}},"24":{"start":{"line":38,"column":0},"end":{"line":38,"column":38}},"25":{"start":{"line":39,"column":0},"end":{"line":44,"column":46}},"26":{"start":{"line":45,"column":0},"end":{"line":50,"column":47}},"27":{"start":{"line":51,"column":0},"end":{"line":54,"column":18}}},"fnMap":{"0":{"name":"(anonymous_0)","decl":{"start":{"line":2,"column":46},"end":{"line":2,"column":47}},"loc":{"start":{"line":2,"column":87},"end":{"line":7,"column":1}},"line":2},"1":{"name":"(anonymous_1)","decl":{"start":{"line":8,"column":46},"end":{"line":8,"column":47}},"loc":{"start":{"line":8,"column":62},"end":{"line":10,"column":1}},"line":8},"2":{"name":"(anonymous_2)","decl":{"start":{"line":17,"column":4},"end":{"line":17,"column":5}},"loc":{"start":{"line":17,"column":28},"end":{"line":19,"column":5}},"line":17},"3":{"name":"(anonymous_3)","decl":{"start":{"line":20,"column":4},"end":{"line":20,"column":5}},"loc":{"start":{"line":20,"column":15},"end":{"line":24,"column":5}},"line":20},"4":{"name":"(anonymous_4)","decl":{"start":{"line":25,"column":4},"end":{"line":25,"column":5}},"loc":{"start":{"line":25,"column":22},"end":{"line":36,"column":5}},"line":25}},"branchMap":{"0":{"loc":{"start":{"line":2,"column":17},"end":{"line":7,"column":1}},"type":"binary-expr","locations":[{"start":{"line":2,"column":18},"end":{"line":2,"column":22}},{"start":{"line":2,"column":26},"end":{"line":2,"column":41}},{"start":{"line":2,"column":46},"end":{"line":7,"column":1}}],"line":2},"1":{"loc":{"start":{"line":3,"column":34},"end":{"line":3,"column":125}},"type":"cond-expr","locations":[{"start":{"line":3,"column":42},"end":{"line":3,"column":48}},{"start":{"line":3,"column":51},"end":{"line":3,"column":125}}],"line":3},"2":{"loc":{"start":{"line":3,"column":51},"end":{"line":3,"column":125}},"type":"cond-expr","locations":[{"start":{"line":3,"column":67},"end":{"line":3,"column":118}},{"start":{"line":3,"column":121},"end":{"line":3,"column":125}}],"line":3},"3":{"loc":{"start":{"line":4,"column":4},"end":{"line":5,"column":150}},"type":"if","locations":[{"start":{"line":4,"column":4},"end":{"line":5,"column":150}},{"start":{"line":5,"column":9},"end":{"line":5,"column":150}}],"line":4},"4":{"loc":{"start":{"line":4,"column":8},"end":{"line":4,"column":77}},"type":"binary-expr","locations":[{"start":{"line":4,"column":8},"end":{"line":4,"column":35}},{"start":{"line":4,"column":39},"end":{"line":4,"column":77}}],"line":4},"5":{"loc":{"start":{"line":5,"column":58},"end":{"line":5,"column":150}},"type":"if","locations":[{"start":{"line":5,"column":58},"end":{"line":5,"column":150}},{"start":{},"end":{}}],"line":5},"6":{"loc":{"start":{"line":5,"column":85},"end":{"line":5,"column":149}},"type":"binary-expr","locations":[{"start":{"line":5,"column":86},"end":{"line":5,"column":143}},{"start":{"line":5,"column":148},"end":{"line":5,"column":149}}],"line":5},"7":{"loc":{"start":{"line":5,"column":86},"end":{"line":5,"column":143}},"type":"cond-expr","locations":[{"start":{"line":5,"column":94},"end":{"line":5,"column":98}},{"start":{"line":5,"column":101},"end":{"line":5,"column":143}}],"line":5},"8":{"loc":{"start":{"line":5,"column":101},"end":{"line":5,"column":143}},"type":"cond-expr","locations":[{"start":{"line":5,"column":109},"end":{"line":5,"column":126}},{"start":{"line":5,"column":129},"end":{"line":5,"column":143}}],"line":5},"9":{"loc":{"start":{"line":6,"column":11},"end":{"line":6,"column":62}},"type":"binary-expr","locations":[{"start":{"line":6,"column":11},"end":{"line":6,"column":16}},{"start":{"line":6,"column":20},"end":{"line":6,"column":21}},{"start":{"line":6,"column":25},"end":{"line":6,"column":62}}],"line":6},"10":{"loc":{"start":{"line":8,"column":17},"end":{"line":10,"column":1}},"type":"binary-expr","locations":[{"start":{"line":8,"column":18},"end":{"line":8,"column":22}},{"start":{"line":8,"column":26},"end":{"line":8,"column":41}},{"start":{"line":8,"column":46},"end":{"line":10,"column":1}}],"line":8},"11":{"loc":{"start":{"line":9,"column":4},"end":{"line":9,"column":109}},"type":"if","locations":[{"start":{"line":9,"column":4},"end":{"line":9,"column":109}},{"start":{},"end":{}}],"line":9},"12":{"loc":{"start":{"line":9,"column":8},"end":{"line":9,"column":77}},"type":"binary-expr","locations":[{"start":{"line":9,"column":8},"end":{"line":9,"column":35}},{"start":{"line":9,"column":39},"end":{"line":9,"column":77}}],"line":9}},"s":{"0":0,"1":0,"2":0,"3":0,"4":0,"5":0,"6":0,"7":0,"8":0,"9":0,"10":0,"11":0,"12":0,"13":0,"14":0,"15":0,"16":0,"17":0,"18":0,"19":0,"20":0,"21":0,"22":0,"23":0,"24":0,"25":0,"26":0,"27":0},"f":{"0":0,"1":0,"2":0,"3":0,"4":0},"b":{"0":[0,0,0],"1":[0,0],"2":[0,0],"3":[0,0],"4":[0,0],"5":[0,0],"6":[0,0],"7":[0,0],"8":[0,0],"9":[0,0,0],"10":[0,0,0],"11":[0,0],"12":[0,0]}}
,"/Users/jose/Documents/CSI-CyberLab/backend/dist/src/app.module.d.ts": {"path":"/Users/jose/Documents/CSI-CyberLab/backend/dist/src/app.module.d.ts","statementMap":{},"fnMap":{},"branchMap":{},"s":{},"f":{},"b":{}}
,"/Users/jose/Documents/CSI-CyberLab/backend/dist/src/app.module.js": {"path":"/Users/jose/Documents/CSI-CyberLab/backend/dist/src/app.module.js","statementMap":{"0":{"start":{"line":2,"column":17},"end":{"line":7,"column":1}},"1":{"start":{"line":3,"column":12},"end":{"line":3,"column":28}},"2":{"start":{"line":3,"column":34},"end":{"line":3,"column":125}},"3":{"start":{"line":4,"column":4},"end":{"line":5,"column":150}},"4":{"start":{"line":4,"column":79},"end":{"line":4,"column":131}},"5":{"start":{"line":5,"column":9},"end":{"line":5,"column":150}},"6":{"start":{"line":5,"column":22},"end":{"line":5,"column":43}},"7":{"start":{"line":5,"column":58},"end":{"line":5,"column":150}},"8":{"start":{"line":5,"column":81},"end":{"line":5,"column":150}},"9":{"start":{"line":6,"column":4},"end":{"line":6,"column":66}},"10":{"start":{"line":8,"column":0},"end":{"line":8,"column":62}},"11":{"start":{"line":9,"column":0},"end":{"line":9,"column":27}},"12":{"start":{"line":10,"column":17},"end":{"line":10,"column":42}},"13":{"start":{"line":11,"column":17},"end":{"line":11,"column":42}},"14":{"start":{"line":12,"column":18},"end":{"line":12,"column":44}},"15":{"start":{"line":13,"column":25},"end":{"line":13,"column":52}},"16":{"start":{"line":14,"column":22},"end":{"line":14,"column":46}},"17":{"start":{"line":15,"column":22},"end":{"line":15,"column":52}},"18":{"start":{"line":16,"column":22},"end":{"line":16,"column":51}},"19":{"start":{"line":17,"column":27},"end":{"line":17,"column":67}},"20":{"start":{"line":18,"column":24},"end":{"line":18,"column":57}},"21":{"start":{"line":19,"column":20},"end":{"line":19,"column":60}},"22":{"start":{"line":20,"column":26},"end":{"line":20,"column":65}},"23":{"start":{"line":21,"column":23},"end":{"line":21,"column":55}},"24":{"start":{"line":22,"column":21},"end":{"line":22,"column":49}},"25":{"start":{"line":23,"column":28},"end":{"line":23,"column":69}},"26":{"start":{"line":24,"column":22},"end":{"line":24,"column":51}},"27":{"start":{"line":25,"column":24},"end":{"line":25,"column":59}},"28":{"start":{"line":26,"column":33},"end":{"line":26,"column":84}},"29":{"start":{"line":27,"column":26},"end":{"line":27,"column":63}},"30":{"start":{"line":28,"column":16},"end":{"line":29,"column":1}},"31":{"start":{"line":30,"column":0},"end":{"line":30,"column":30}},"32":{"start":{"line":31,"column":0},"end":{"line":69,"column":14}},"33":{"start":{"line":40,"column":48},"end":{"line":49,"column":17}}},"fnMap":{"0":{"name":"(anonymous_0)","decl":{"start":{"line":2,"column":46},"end":{"line":2,"column":47}},"loc":{"start":{"line":2,"column":87},"end":{"line":7,"column":1}},"line":2},"1":{"name":"(anonymous_1)","decl":{"start":{"line":40,"column":28},"end":{"line":40,"column":29}},"loc":{"start":{"line":40,"column":48},"end":{"line":49,"column":17}},"line":40}},"branchMap":{"0":{"loc":{"start":{"line":2,"column":17},"end":{"line":7,"column":1}},"type":"binary-expr","locations":[{"start":{"line":2,"column":18},"end":{"line":2,"column":22}},{"start":{"line":2,"column":26},"end":{"line":2,"column":41}},{"start":{"line":2,"column":46},"end":{"line":7,"column":1}}],"line":2},"1":{"loc":{"start":{"line":3,"column":34},"end":{"line":3,"column":125}},"type":"cond-expr","locations":[{"start":{"line":3,"column":42},"end":{"line":3,"column":48}},{"start":{"line":3,"column":51},"end":{"line":3,"column":125}}],"line":3},"2":{"loc":{"start":{"line":3,"column":51},"end":{"line":3,"column":125}},"type":"cond-expr","locations":[{"start":{"line":3,"column":67},"end":{"line":3,"column":118}},{"start":{"line":3,"column":121},"end":{"line":3,"column":125}}],"line":3},"3":{"loc":{"start":{"line":4,"column":4},"end":{"line":5,"column":150}},"type":"if","locations":[{"start":{"line":4,"column":4},"end":{"line":5,"column":150}},{"start":{"line":5,"column":9},"end":{"line":5,"column":150}}],"line":4},"4":{"loc":{"start":{"line":4,"column":8},"end":{"line":4,"column":77}},"type":"binary-expr","locations":[{"start":{"line":4,"column":8},"end":{"line":4,"column":35}},{"start":{"line":4,"column":39},"end":{"line":4,"column":77}}],"line":4},"5":{"loc":{"start":{"line":5,"column":58},"end":{"line":5,"column":150}},"type":"if","locations":[{"start":{"line":5,"column":58},"end":{"line":5,"column":150}},{"start":{},"end":{}}],"line":5},"6":{"loc":{"start":{"line":5,"column":85},"end":{"line":5,"column":149}},"type":"binary-expr","locations":[{"start":{"line":5,"column":86},"end":{"line":5,"column":143}},{"start":{"line":5,"column":148},"end":{"line":5,"column":149}}],"line":5},"7":{"loc":{"start":{"line":5,"column":86},"end":{"line":5,"column":143}},"type":"cond-expr","locations":[{"start":{"line":5,"column":94},"end":{"line":5,"column":98}},{"start":{"line":5,"column":101},"end":{"line":5,"column":143}}],"line":5},"8":{"loc":{"start":{"line":5,"column":101},"end":{"line":5,"column":143}},"type":"cond-expr","locations":[{"start":{"line":5,"column":109},"end":{"line":5,"column":126}},{"start":{"line":5,"column":129},"end":{"line":5,"column":143}}],"line":5},"9":{"loc":{"start":{"line":6,"column":11},"end":{"line":6,"column":62}},"type":"binary-expr","locations":[{"start":{"line":6,"column":11},"end":{"line":6,"column":16}},{"start":{"line":6,"column":20},"end":{"line":6,"column":21}},{"start":{"line":6,"column":25},"end":{"line":6,"column":62}}],"line":6},"10":{"loc":{"start":{"line":42,"column":26},"end":{"line":42,"column":75}},"type":"binary-expr","locations":[{"start":{"line":42,"column":26},"end":{"line":42,"column":60}},{"start":{"line":42,"column":64},"end":{"line":42,"column":75}}],"line":42},"11":{"loc":{"start":{"line":43,"column":26},"end":{"line":43,"column":68}},"type":"binary-expr","locations":[{"start":{"line":43,"column":26},"end":{"line":43,"column":60}},{"start":{"line":43,"column":64},"end":{"line":43,"column":68}}],"line":43},"12":{"loc":{"start":{"line":44,"column":30},"end":{"line":44,"column":74}},"type":"binary-expr","locations":[{"start":{"line":44,"column":30},"end":{"line":44,"column":64}},{"start":{"line":44,"column":68},"end":{"line":44,"column":74}}],"line":44},"13":{"loc":{"start":{"line":45,"column":30},"end":{"line":45,"column":80}},"type":"binary-expr","locations":[{"start":{"line":45,"column":30},"end":{"line":45,"column":68}},{"start":{"line":45,"column":72},"end":{"line":45,"column":80}}],"line":45},"14":{"loc":{"start":{"line":46,"column":30},"end":{"line":46,"column":81}},"type":"binary-expr","locations":[{"start":{"line":46,"column":30},"end":{"line":46,"column":64}},{"start":{"line":46,"column":68},"end":{"line":46,"column":81}}],"line":46}},"s":{"0":0,"1":0,"2":0,"3":0,"4":0,"5":0,"6":0,"7":0,"8":0,"9":0,"10":0,"11":0,"12":0,"13":0,"14":0,"15":0,"16":0,"17":0,"18":0,"19":0,"20":0,"21":0,"22":0,"23":0,"24":0,"25":0,"26":0,"27":0,"28":0,"29":0,"30":0,"31":0,"32":0,"33":0},"f":{"0":0,"1":0},"b":{"0":[0,0,0],"1":[0,0],"2":[0,0],"3":[0,0],"4":[0,0],"5":[0,0],"6":[0,0],"7":[0,0],"8":[0,0],"9":[0,0,0],"10":[0,0],"11":[0,0],"12":[0,0],"13":[0,0],"14":[0,0]}}
,"/Users/jose/Documents/CSI-CyberLab/backend/dist/src/app.service.d.ts": {"path":"/Users/jose/Documents/CSI-CyberLab/backend/dist/src/app.service.d.ts","statementMap":{},"fnMap":{},"branchMap":{},"s":{},"f":{},"b":{}}
,"/Users/jose/Documents/CSI-CyberLab/backend/dist/src/app.service.js": {"path":"/Users/jose/Documents/CSI-CyberLab/backend/dist/src/app.service.js","statementMap":{"0":{"start":{"line":2,"column":17},"end":{"line":7,"column":1}},"1":{"start":{"line":3,"column":12},"end":{"line":3,"column":28}},"2":{"start":{"line":3,"column":34},"end":{"line":3,"column":125}},"3":{"start":{"line":4,"column":4},"end":{"line":5,"column":150}},"4":{"start":{"line":4,"column":79},"end":{"line":4,"column":131}},"5":{"start":{"line":5,"column":9},"end":{"line":5,"column":150}},"6":{"start":{"line":5,"column":22},"end":{"line":5,"column":43}},"7":{"start":{"line":5,"column":58},"end":{"line":5,"column":150}},"8":{"start":{"line":5,"column":81},"end":{"line":5,"column":150}},"9":{"start":{"line":6,"column":4},"end":{"line":6,"column":66}},"10":{"start":{"line":8,"column":17},"end":{"line":10,"column":1}},"11":{"start":{"line":9,"column":4},"end":{"line":9,"column":109}},"12":{"start":{"line":9,"column":79},"end":{"line":9,"column":109}},"13":{"start":{"line":11,"column":0},"end":{"line":11,"column":62}},"14":{"start":{"line":12,"column":0},"end":{"line":12,"column":28}},"15":{"start":{"line":13,"column":17},"end":{"line":13,"column":42}},"16":{"start":{"line":14,"column":18},"end":{"line":14,"column":36}},"17":{"start":{"line":15,"column":17},"end":{"line":60,"column":1}},"18":{"start":{"line":18,"column":8},"end":{"line":18,"column":37}},"19":{"start":{"line":21,"column":8},"end":{"line":21,"column":30}},"20":{"start":{"line":24,"column":8},"end":{"line":41,"column":9}},"21":{"start":{"line":25,"column":12},"end":{"line":37,"column":13}},"22":{"start":{"line":26,"column":16},"end":{"line":26,"column":63}},"23":{"start":{"line":29,"column":16},"end":{"line":29,"column":51}},"24":{"start":{"line":30,"column":16},"end":{"line":36,"column":17}},"25":{"start":{"line":31,"column":20},"end":{"line":31,"column":52}},"26":{"start":{"line":32,"column":20},"end":{"line":32,"column":67}},"27":{"start":{"line":35,"column":20},"end":{"line":35,"column":63}},"28":{"start":{"line":40,"column":12},"end":{"line":40,"column":37}},"29":{"start":{"line":44,"column":8},"end":{"line":58,"column":9}},"30":{"start":{"line":45,"column":12},"end":{"line":47,"column":13}},"31":{"start":{"line":46,"column":16},"end":{"line":46,"column":28}},"32":{"start":{"line":48,"column":12},"end":{"line":48,"column":47}},"33":{"start":{"line":49,"column":32},"end":{"line":49,"column":61}},"34":{"start":{"line":50,"column":12},"end":{"line":52,"column":13}},"35":{"start":{"line":51,"column":16},"end":{"line":51,"column":48}},"36":{"start":{"line":53,"column":12},"end":{"line":53,"column":31}},"37":{"start":{"line":56,"column":12},"end":{"line":56,"column":72}},"38":{"start":{"line":57,"column":12},"end":{"line":57,"column":25}},"39":{"start":{"line":61,"column":0},"end":{"line":61,"column":32}},"40":{"start":{"line":62,"column":0},"end":{"line":65,"column":15}}},"fnMap":{"0":{"name":"(anonymous_0)","decl":{"start":{"line":2,"column":46},"end":{"line":2,"column":47}},"loc":{"start":{"line":2,"column":87},"end":{"line":7,"column":1}},"line":2},"1":{"name":"(anonymous_1)","decl":{"start":{"line":8,"column":46},"end":{"line":8,"column":47}},"loc":{"start":{"line":8,"column":62},"end":{"line":10,"column":1}},"line":8},"2":{"name":"(anonymous_2)","decl":{"start":{"line":17,"column":4},"end":{"line":17,"column":5}},"loc":{"start":{"line":17,"column":28},"end":{"line":19,"column":5}},"line":17},"3":{"name":"(anonymous_3)","decl":{"start":{"line":20,"column":4},"end":{"line":20,"column":5}},"loc":{"start":{"line":20,"column":15},"end":{"line":22,"column":5}},"line":20},"4":{"name":"(anonymous_4)","decl":{"start":{"line":23,"column":4},"end":{"line":23,"column":5}},"loc":{"start":{"line":23,"column":30},"end":{"line":42,"column":5}},"line":23},"5":{"name":"(anonymous_5)","decl":{"start":{"line":43,"column":4},"end":{"line":43,"column":5}},"loc":{"start":{"line":43,"column":32},"end":{"line":59,"column":5}},"line":43}},"branchMap":{"0":{"loc":{"start":{"line":2,"column":17},"end":{"line":7,"column":1}},"type":"binary-expr","locations":[{"start":{"line":2,"column":18},"end":{"line":2,"column":22}},{"start":{"line":2,"column":26},"end":{"line":2,"column":41}},{"start":{"line":2,"column":46},"end":{"line":7,"column":1}}],"line":2},"1":{"loc":{"start":{"line":3,"column":34},"end":{"line":3,"column":125}},"type":"cond-expr","locations":[{"start":{"line":3,"column":42},"end":{"line":3,"column":48}},{"start":{"line":3,"column":51},"end":{"line":3,"column":125}}],"line":3},"2":{"loc":{"start":{"line":3,"column":51},"end":{"line":3,"column":125}},"type":"cond-expr","locations":[{"start":{"line":3,"column":67},"end":{"line":3,"column":118}},{"start":{"line":3,"column":121},"end":{"line":3,"column":125}}],"line":3},"3":{"loc":{"start":{"line":4,"column":4},"end":{"line":5,"column":150}},"type":"if","locations":[{"start":{"line":4,"column":4},"end":{"line":5,"column":150}},{"start":{"line":5,"column":9},"end":{"line":5,"column":150}}],"line":4},"4":{"loc":{"start":{"line":4,"column":8},"end":{"line":4,"column":77}},"type":"binary-expr","locations":[{"start":{"line":4,"column":8},"end":{"line":4,"column":35}},{"start":{"line":4,"column":39},"end":{"line":4,"column":77}}],"line":4},"5":{"loc":{"start":{"line":5,"column":58},"end":{"line":5,"column":150}},"type":"if","locations":[{"start":{"line":5,"column":58},"end":{"line":5,"column":150}},{"start":{},"end":{}}],"line":5},"6":{"loc":{"start":{"line":5,"column":85},"end":{"line":5,"column":149}},"type":"binary-expr","locations":[{"start":{"line":5,"column":86},"end":{"line":5,"column":143}},{"start":{"line":5,"column":148},"end":{"line":5,"column":149}}],"line":5},"7":{"loc":{"start":{"line":5,"column":86},"end":{"line":5,"column":143}},"type":"cond-expr","locations":[{"start":{"line":5,"column":94},"end":{"line":5,"column":98}},{"start":{"line":5,"column":101},"end":{"line":5,"column":143}}],"line":5},"8":{"loc":{"start":{"line":5,"column":101},"end":{"line":5,"column":143}},"type":"cond-expr","locations":[{"start":{"line":5,"column":109},"end":{"line":5,"column":126}},{"start":{"line":5,"column":129},"end":{"line":5,"column":143}}],"line":5},"9":{"loc":{"start":{"line":6,"column":11},"end":{"line":6,"column":62}},"type":"binary-expr","locations":[{"start":{"line":6,"column":11},"end":{"line":6,"column":16}},{"start":{"line":6,"column":20},"end":{"line":6,"column":21}},{"start":{"line":6,"column":25},"end":{"line":6,"column":62}}],"line":6},"10":{"loc":{"start":{"line":8,"column":17},"end":{"line":10,"column":1}},"type":"binary-expr","locations":[{"start":{"line":8,"column":18},"end":{"line":8,"column":22}},{"start":{"line":8,"column":26},"end":{"line":8,"column":41}},{"start":{"line":8,"column":46},"end":{"line":10,"column":1}}],"line":8},"11":{"loc":{"start":{"line":9,"column":4},"end":{"line":9,"column":109}},"type":"if","locations":[{"start":{"line":9,"column":4},"end":{"line":9,"column":109}},{"start":{},"end":{}}],"line":9},"12":{"loc":{"start":{"line":9,"column":8},"end":{"line":9,"column":77}},"type":"binary-expr","locations":[{"start":{"line":9,"column":8},"end":{"line":9,"column":35}},{"start":{"line":9,"column":39},"end":{"line":9,"column":77}}],"line":9},"13":{"loc":{"start":{"line":25,"column":12},"end":{"line":37,"column":13}},"type":"if","locations":[{"start":{"line":25,"column":12},"end":{"line":37,"column":13}},{"start":{"line":28,"column":17},"end":{"line":37,"column":13}}],"line":25},"14":{"loc":{"start":{"line":30,"column":16},"end":{"line":36,"column":17}},"type":"if","locations":[{"start":{"line":30,"column":16},"end":{"line":36,"column":17}},{"start":{"line":34,"column":21},"end":{"line":36,"column":17}}],"line":30},"15":{"loc":{"start":{"line":45,"column":12},"end":{"line":47,"column":13}},"type":"if","locations":[{"start":{"line":45,"column":12},"end":{"line":47,"column":13}},{"start":{},"end":{}}],"line":45},"16":{"loc":{"start":{"line":50,"column":12},"end":{"line":52,"column":13}},"type":"if","locations":[{"start":{"line":50,"column":12},"end":{"line":52,"column":13}},{"start":{},"end":{}}],"line":50}},"s":{"0":0,"1":0,"2":0,"3":0,"4":0,"5":0,"6":0,"7":0,"8":0,"9":0,"10":0,"11":0,"12":0,"13":0,"14":0,"15":0,"16":0,"17":0,"18":0,"19":0,"20":0,"21":0,"22":0,"23":0,"24":0,"25":0,"26":0,"27":0,"28":0,"29":0,"30":0,"31":0,"32":0,"33":0,"34":0,"35":0,"36":0,"37":0,"38":0,"39":0,"40":0},"f":{"0":0,"1":0,"2":0,"3":0,"4":0,"5":0},"b":{"0":[0,0,0],"1":[0,0],"2":[0,0],"3":[0,0],"4":[0,0],"5":[0,0],"6":[0,0],"7":[0,0],"8":[0,0],"9":[0,0,0],"10":[0,0,0],"11":[0,0],"12":[0,0],"13":[0,0],"14":[0,0],"15":[0,0],"16":[0,0]}}
,"/Users/jose/Documents/CSI-CyberLab/backend/dist/src/data-source.d.ts": {"path":"/Users/jose/Documents/CSI-CyberLab/backend/dist/src/data-source.d.ts","statementMap":{},"fnMap":{},"branchMap":{},"s":{},"f":{},"b":{}}
,"/Users/jose/Documents/CSI-CyberLab/backend/dist/src/data-source.js": {"path":"/Users/jose/Documents/CSI-CyberLab/backend/dist/src/data-source.js","statementMap":{"0":{"start":{"line":2,"column":0},"end":{"line":2,"column":62}},"1":{"start":{"line":3,"column":0},"end":{"line":3,"column":31}},"2":{"start":{"line":4,"column":18},"end":{"line":4,"column":36}},"3":{"start":{"line":5,"column":22},"end":{"line":5,"column":52}},"4":{"start":{"line":6,"column":26},"end":{"line":6,"column":63}},"5":{"start":{"line":7,"column":21},"end":{"line":7,"column":49}},"6":{"start":{"line":8,"column":22},"end":{"line":8,"column":51}},"7":{"start":{"line":9,"column":23},"end":{"line":9,"column":55}},"8":{"start":{"line":10,"column":24},"end":{"line":10,"column":57}},"9":{"start":{"line":11,"column":33},"end":{"line":11,"column":84}},"10":{"start":{"line":12,"column":20},"end":{"line":12,"column":60}},"11":{"start":{"line":13,"column":26},"end":{"line":13,"column":65}},"12":{"start":{"line":14,"column":28},"end":{"line":14,"column":69}},"13":{"start":{"line":15,"column":27},"end":{"line":15,"column":67}},"14":{"start":{"line":16,"column":0},"end":{"line":38,"column":3}}},"fnMap":{},"branchMap":{"0":{"loc":{"start":{"line":18,"column":10},"end":{"line":18,"column":49}},"type":"binary-expr","locations":[{"start":{"line":18,"column":10},"end":{"line":18,"column":35}},{"start":{"line":18,"column":39},"end":{"line":18,"column":49}}],"line":18},"1":{"loc":{"start":{"line":19,"column":19},"end":{"line":19,"column":54}},"type":"binary-expr","locations":[{"start":{"line":19,"column":19},"end":{"line":19,"column":44}},{"start":{"line":19,"column":48},"end":{"line":19,"column":54}}],"line":19},"2":{"loc":{"start":{"line":20,"column":14},"end":{"line":20,"column":49}},"type":"binary-expr","locations":[{"start":{"line":20,"column":14},"end":{"line":20,"column":39}},{"start":{"line":20,"column":43},"end":{"line":20,"column":49}}],"line":20},"3":{"loc":{"start":{"line":21,"column":14},"end":{"line":21,"column":55}},"type":"binary-expr","locations":[{"start":{"line":21,"column":14},"end":{"line":21,"column":43}},{"start":{"line":21,"column":47},"end":{"line":21,"column":55}}],"line":21},"4":{"loc":{"start":{"line":22,"column":14},"end":{"line":22,"column":56}},"type":"binary-expr","locations":[{"start":{"line":22,"column":14},"end":{"line":22,"column":39}},{"start":{"line":22,"column":43},"end":{"line":22,"column":56}}],"line":22}},"s":{"0":0,"1":0,"2":0,"3":0,"4":0,"5":0,"6":0,"7":0,"8":0,"9":0,"10":0,"11":0,"12":0,"13":0,"14":0},"f":{},"b":{"0":[0,0],"1":[0,0],"2":[0,0],"3":[0,0],"4":[0,0]}}
,"/Users/jose/Documents/CSI-CyberLab/backend/dist/src/main.d.ts": {"path":"/Users/jose/Documents/CSI-CyberLab/backend/dist/src/main.d.ts","statementMap":{},"fnMap":{},"branchMap":{},"s":{},"f":{},"b":{}}
,"/Users/jose/Documents/CSI-CyberLab/backend/dist/src/main.js": {"path":"/Users/jose/Documents/CSI-CyberLab/backend/dist/src/main.js","statementMap":{"0":{"start":{"line":2,"column":0},"end":{"line":2,"column":62}},"1":{"start":{"line":3,"column":15},"end":{"line":3,"column":38}},"2":{"start":{"line":4,"column":17},"end":{"line":4,"column":42}},"3":{"start":{"line":5,"column":21},"end":{"line":5,"column":45}},"4":{"start":{"line":6,"column":21},"end":{"line":6,"column":44}},"5":{"start":{"line":8,"column":16},"end":{"line":8,"column":129}},"6":{"start":{"line":9,"column":4},"end":{"line":9,"column":98}},"7":{"start":{"line":10,"column":4},"end":{"line":10,"column":28}},"8":{"start":{"line":11,"column":4},"end":{"line":15,"column":8}},"9":{"start":{"line":16,"column":4},"end":{"line":16,"column":31}},"10":{"start":{"line":17,"column":27},"end":{"line":21,"column":21}},"11":{"start":{"line":22,"column":4},"end":{"line":24,"column":5}},"12":{"start":{"line":23,"column":8},"end":{"line":23,"column":91}},"13":{"start":{"line":25,"column":4},"end":{"line":38,"column":7}},"14":{"start":{"line":27,"column":12},"end":{"line":32,"column":13}},"15":{"start":{"line":28,"column":16},"end":{"line":28,"column":37}},"16":{"start":{"line":31,"column":16},"end":{"line":31,"column":72}},"17":{"start":{"line":39,"column":17},"end":{"line":39,"column":41}},"18":{"start":{"line":40,"column":4},"end":{"line":40,"column":38}},"19":{"start":{"line":41,"column":4},"end":{"line":41,"column":62}},"20":{"start":{"line":43,"column":0},"end":{"line":43,"column":12}}},"fnMap":{"0":{"name":"bootstrap","decl":{"start":{"line":7,"column":15},"end":{"line":7,"column":24}},"loc":{"start":{"line":7,"column":27},"end":{"line":42,"column":1}},"line":7},"1":{"name":"(anonymous_1)","decl":{"start":{"line":26,"column":16},"end":{"line":26,"column":17}},"loc":{"start":{"line":26,"column":38},"end":{"line":33,"column":9}},"line":26}},"branchMap":{"0":{"loc":{"start":{"line":22,"column":4},"end":{"line":24,"column":5}},"type":"if","locations":[{"start":{"line":22,"column":4},"end":{"line":24,"column":5}},{"start":{},"end":{}}],"line":22},"1":{"loc":{"start":{"line":27,"column":12},"end":{"line":32,"column":13}},"type":"if","locations":[{"start":{"line":27,"column":12},"end":{"line":32,"column":13}},{"start":{"line":30,"column":17},"end":{"line":32,"column":13}}],"line":27},"2":{"loc":{"start":{"line":27,"column":16},"end":{"line":27,"column":58}},"type":"binary-expr","locations":[{"start":{"line":27,"column":16},"end":{"line":27,"column":23}},{"start":{"line":27,"column":27},"end":{"line":27,"column":58}}],"line":27},"3":{"loc":{"start":{"line":39,"column":17},"end":{"line":39,"column":41}},"type":"binary-expr","locations":[{"start":{"line":39,"column":17},"end":{"line":39,"column":33}},{"start":{"line":39,"column":37},"end":{"line":39,"column":41}}],"line":39}},"s":{"0":0,"1":0,"2":0,"3":0,"4":0,"5":0,"6":0,"7":0,"8":0,"9":0,"10":0,"11":0,"12":0,"13":0,"14":0,"15":0,"16":0,"17":0,"18":0,"19":0,"20":0},"f":{"0":0,"1":0},"b":{"0":[0,0],"1":[0,0],"2":[0,0],"3":[0,0]}}
,"/Users/jose/Documents/CSI-CyberLab/backend/dist/src/auth/auth.controller.d.ts": {"path":"/Users/jose/Documents/CSI-CyberLab/backend/dist/src/auth/auth.controller.d.ts","statementMap":{},"fnMap":{},"branchMap":{},"s":{},"f":{},"b":{}}
,"/Users/jose/Documents/CSI-CyberLab/backend/dist/src/auth/auth.controller.js": {"path":"/Users/jose/Documents/CSI-CyberLab/backend/dist/src/auth/auth.controller.js","statementMap":{"0":{"start":{"line":2,"column":17},"end":{"line":7,"column":1}},"1":{"start":{"line":3,"column":12},"end":{"line":3,"column":28}},"2":{"start":{"line":3,"column":34},"end":{"line":3,"column":125}},"3":{"start":{"line":4,"column":4},"end":{"line":5,"column":150}},"4":{"start":{"line":4,"column":79},"end":{"line":4,"column":131}},"5":{"start":{"line":5,"column":9},"end":{"line":5,"column":150}},"6":{"start":{"line":5,"column":22},"end":{"line":5,"column":43}},"7":{"start":{"line":5,"column":58},"end":{"line":5,"column":150}},"8":{"start":{"line":5,"column":81},"end":{"line":5,"column":150}},"9":{"start":{"line":6,"column":4},"end":{"line":6,"column":66}},"10":{"start":{"line":8,"column":17},"end":{"line":10,"column":1}},"11":{"start":{"line":9,"column":4},"end":{"line":9,"column":109}},"12":{"start":{"line":9,"column":79},"end":{"line":9,"column":109}},"13":{"start":{"line":11,"column":14},"end":{"line":13,"column":1}},"14":{"start":{"line":12,"column":4},"end":{"line":12,"column":73}},"15":{"start":{"line":12,"column":36},"end":{"line":12,"column":71}},"16":{"start":{"line":14,"column":0},"end":{"line":14,"column":62}},"17":{"start":{"line":15,"column":0},"end":{"line":15,"column":32}},"18":{"start":{"line":16,"column":17},"end":{"line":16,"column":42}},"19":{"start":{"line":17,"column":23},"end":{"line":17,"column":48}},"20":{"start":{"line":18,"column":23},"end":{"line":18,"column":48}},"21":{"start":{"line":19,"column":20},"end":{"line":19,"column":42}},"22":{"start":{"line":20,"column":14},"end":{"line":20,"column":36}},"23":{"start":{"line":21,"column":25},"end":{"line":21,"column":52}},"24":{"start":{"line":22,"column":21},"end":{"line":110,"column":1}},"25":{"start":{"line":26,"column":8},"end":{"line":26,"column":39}},"26":{"start":{"line":27,"column":8},"end":{"line":27,"column":37}},"27":{"start":{"line":30,"column":8},"end":{"line":32,"column":9}},"28":{"start":{"line":31,"column":12},"end":{"line":31,"column":75}},"29":{"start":{"line":33,"column":8},"end":{"line":38,"column":9}},"30":{"start":{"line":34,"column":12},"end":{"line":34,"column":65}},"31":{"start":{"line":37,"column":12},"end":{"line":37,"column":91}},"32":{"start":{"line":41,"column":8},"end":{"line":62,"column":9}},"33":{"start":{"line":42,"column":12},"end":{"line":44,"column":13}},"34":{"start":{"line":43,"column":16},"end":{"line":43,"column":83}},"35":{"start":{"line":45,"column":68},"end":{"line":45,"column":107}},"36":{"start":{"line":46,"column":12},"end":{"line":51,"column":15}},"37":{"start":{"line":52,"column":12},"end":{"line":57,"column":15}},"38":{"start":{"line":58,"column":12},"end":{"line":58,"column":69}},"39":{"start":{"line":61,"column":12},"end":{"line":61,"column":76}},"40":{"start":{"line":65,"column":22},"end":{"line":65,"column":48}},"41":{"start":{"line":66,"column":8},"end":{"line":68,"column":9}},"42":{"start":{"line":67,"column":12},"end":{"line":67,"column":74}},"43":{"start":{"line":69,"column":8},"end":{"line":75,"column":9}},"44":{"start":{"line":70,"column":28},"end":{"line":70,"column":57}},"45":{"start":{"line":71,"column":12},"end":{"line":71,"column":52}},"46":{"start":{"line":74,"column":12},"end":{"line":74,"column":81}},"47":{"start":{"line":78,"column":8},"end":{"line":78,"column":39}},"48":{"start":{"line":79,"column":8},"end":{"line":79,"column":40}},"49":{"start":{"line":80,"column":8},"end":{"line":80,"column":50}},"50":{"start":{"line":83,"column":22},"end":{"line":83,"column":116}},"51":{"start":{"line":84,"column":8},"end":{"line":86,"column":9}},"52":{"start":{"line":85,"column":12},"end":{"line":85,"column":82}},"53":{"start":{"line":87,"column":8},"end":{"line":108,"column":9}},"54":{"start":{"line":88,"column":31},"end":{"line":88,"column":60}},"55":{"start":{"line":89,"column":25},"end":{"line":89,"column":81}},"56":{"start":{"line":90,"column":12},"end":{"line":92,"column":13}},"57":{"start":{"line":91,"column":16},"end":{"line":91,"column":83}},"58":{"start":{"line":93,"column":50},"end":{"line":93,"column":60}},"59":{"start":{"line":94,"column":35},"end":{"line":94,"column":86}},"60":{"start":{"line":95,"column":24},"end":{"line":95,"column":96}},"61":{"start":{"line":96,"column":12},"end":{"line":103,"column":13}},"62":{"start":{"line":97,"column":16},"end":{"line":102,"column":19}},"63":{"start":{"line":104,"column":12},"end":{"line":104,"column":50}},"64":{"start":{"line":107,"column":12},"end":{"line":107,"column":89}},"65":{"start":{"line":111,"column":0},"end":{"line":111,"column":40}},"66":{"start":{"line":112,"column":0},"end":{"line":119,"column":47}},"67":{"start":{"line":120,"column":0},"end":{"line":128,"column":44}},"68":{"start":{"line":129,"column":0},"end":{"line":137,"column":41}},"69":{"start":{"line":138,"column":0},"end":{"line":147,"column":45}},"70":{"start":{"line":148,"column":0},"end":{"line":155,"column":46}},"71":{"start":{"line":156,"column":0},"end":{"line":160,"column":19}}},"fnMap":{"0":{"name":"(anonymous_0)","decl":{"start":{"line":2,"column":46},"end":{"line":2,"column":47}},"loc":{"start":{"line":2,"column":87},"end":{"line":7,"column":1}},"line":2},"1":{"name":"(anonymous_1)","decl":{"start":{"line":8,"column":46},"end":{"line":8,"column":47}},"loc":{"start":{"line":8,"column":62},"end":{"line":10,"column":1}},"line":8},"2":{"name":"(anonymous_2)","decl":{"start":{"line":11,"column":40},"end":{"line":11,"column":41}},"loc":{"start":{"line":11,"column":73},"end":{"line":13,"column":1}},"line":11},"3":{"name":"(anonymous_3)","decl":{"start":{"line":12,"column":11},"end":{"line":12,"column":12}},"loc":{"start":{"line":12,"column":34},"end":{"line":12,"column":73}},"line":12},"4":{"name":"(anonymous_4)","decl":{"start":{"line":25,"column":4},"end":{"line":25,"column":5}},"loc":{"start":{"line":25,"column":41},"end":{"line":28,"column":5}},"line":25},"5":{"name":"(anonymous_5)","decl":{"start":{"line":29,"column":4},"end":{"line":29,"column":5}},"loc":{"start":{"line":29,"column":33},"end":{"line":39,"column":5}},"line":29},"6":{"name":"(anonymous_6)","decl":{"start":{"line":40,"column":4},"end":{"line":40,"column":5}},"loc":{"start":{"line":40,"column":32},"end":{"line":63,"column":5}},"line":40},"7":{"name":"(anonymous_7)","decl":{"start":{"line":64,"column":4},"end":{"line":64,"column":5}},"loc":{"start":{"line":64,"column":18},"end":{"line":76,"column":5}},"line":64},"8":{"name":"(anonymous_8)","decl":{"start":{"line":77,"column":4},"end":{"line":77,"column":5}},"loc":{"start":{"line":77,"column":27},"end":{"line":81,"column":5}},"line":77},"9":{"name":"(anonymous_9)","decl":{"start":{"line":82,"column":4},"end":{"line":82,"column":5}},"loc":{"start":{"line":82,"column":32},"end":{"line":109,"column":5}},"line":82}},"branchMap":{"0":{"loc":{"start":{"line":2,"column":17},"end":{"line":7,"column":1}},"type":"binary-expr","locations":[{"start":{"line":2,"column":18},"end":{"line":2,"column":22}},{"start":{"line":2,"column":26},"end":{"line":2,"column":41}},{"start":{"line":2,"column":46},"end":{"line":7,"column":1}}],"line":2},"1":{"loc":{"start":{"line":3,"column":34},"end":{"line":3,"column":125}},"type":"cond-expr","locations":[{"start":{"line":3,"column":42},"end":{"line":3,"column":48}},{"start":{"line":3,"column":51},"end":{"line":3,"column":125}}],"line":3},"2":{"loc":{"start":{"line":3,"column":51},"end":{"line":3,"column":125}},"type":"cond-expr","locations":[{"start":{"line":3,"column":67},"end":{"line":3,"column":118}},{"start":{"line":3,"column":121},"end":{"line":3,"column":125}}],"line":3},"3":{"loc":{"start":{"line":4,"column":4},"end":{"line":5,"column":150}},"type":"if","locations":[{"start":{"line":4,"column":4},"end":{"line":5,"column":150}},{"start":{"line":5,"column":9},"end":{"line":5,"column":150}}],"line":4},"4":{"loc":{"start":{"line":4,"column":8},"end":{"line":4,"column":77}},"type":"binary-expr","locations":[{"start":{"line":4,"column":8},"end":{"line":4,"column":35}},{"start":{"line":4,"column":39},"end":{"line":4,"column":77}}],"line":4},"5":{"loc":{"start":{"line":5,"column":58},"end":{"line":5,"column":150}},"type":"if","locations":[{"start":{"line":5,"column":58},"end":{"line":5,"column":150}},{"start":{},"end":{}}],"line":5},"6":{"loc":{"start":{"line":5,"column":85},"end":{"line":5,"column":149}},"type":"binary-expr","locations":[{"start":{"line":5,"column":86},"end":{"line":5,"column":143}},{"start":{"line":5,"column":148},"end":{"line":5,"column":149}}],"line":5},"7":{"loc":{"start":{"line":5,"column":86},"end":{"line":5,"column":143}},"type":"cond-expr","locations":[{"start":{"line":5,"column":94},"end":{"line":5,"column":98}},{"start":{"line":5,"column":101},"end":{"line":5,"column":143}}],"line":5},"8":{"loc":{"start":{"line":5,"column":101},"end":{"line":5,"column":143}},"type":"cond-expr","locations":[{"start":{"line":5,"column":109},"end":{"line":5,"column":126}},{"start":{"line":5,"column":129},"end":{"line":5,"column":143}}],"line":5},"9":{"loc":{"start":{"line":6,"column":11},"end":{"line":6,"column":62}},"type":"binary-expr","locations":[{"start":{"line":6,"column":11},"end":{"line":6,"column":16}},{"start":{"line":6,"column":20},"end":{"line":6,"column":21}},{"start":{"line":6,"column":25},"end":{"line":6,"column":62}}],"line":6},"10":{"loc":{"start":{"line":8,"column":17},"end":{"line":10,"column":1}},"type":"binary-expr","locations":[{"start":{"line":8,"column":18},"end":{"line":8,"column":22}},{"start":{"line":8,"column":26},"end":{"line":8,"column":41}},{"start":{"line":8,"column":46},"end":{"line":10,"column":1}}],"line":8},"11":{"loc":{"start":{"line":9,"column":4},"end":{"line":9,"column":109}},"type":"if","locations":[{"start":{"line":9,"column":4},"end":{"line":9,"column":109}},{"start":{},"end":{}}],"line":9},"12":{"loc":{"start":{"line":9,"column":8},"end":{"line":9,"column":77}},"type":"binary-expr","locations":[{"start":{"line":9,"column":8},"end":{"line":9,"column":35}},{"start":{"line":9,"column":39},"end":{"line":9,"column":77}}],"line":9},"13":{"loc":{"start":{"line":11,"column":14},"end":{"line":13,"column":1}},"type":"binary-expr","locations":[{"start":{"line":11,"column":15},"end":{"line":11,"column":19}},{"start":{"line":11,"column":23},"end":{"line":11,"column":35}},{"start":{"line":11,"column":40},"end":{"line":13,"column":1}}],"line":11},"14":{"loc":{"start":{"line":30,"column":8},"end":{"line":32,"column":9}},"type":"if","locations":[{"start":{"line":30,"column":8},"end":{"line":32,"column":9}},{"start":{},"end":{}}],"line":30},"15":{"loc":{"start":{"line":37,"column":51},"end":{"line":37,"column":89}},"type":"binary-expr","locations":[{"start":{"line":37,"column":51},"end":{"line":37,"column":64}},{"start":{"line":37,"column":68},"end":{"line":37,"column":89}}],"line":37},"16":{"loc":{"start":{"line":42,"column":12},"end":{"line":44,"column":13}},"type":"if","locations":[{"start":{"line":42,"column":12},"end":{"line":44,"column":13}},{"start":{},"end":{}}],"line":42},"17":{"loc":{"start":{"line":42,"column":16},"end":{"line":42,"column":55}},"type":"binary-expr","locations":[{"start":{"line":42,"column":16},"end":{"line":42,"column":32}},{"start":{"line":42,"column":36},"end":{"line":42,"column":55}}],"line":42},"18":{"loc":{"start":{"line":66,"column":8},"end":{"line":68,"column":9}},"type":"if","locations":[{"start":{"line":66,"column":8},"end":{"line":68,"column":9}},{"start":{},"end":{}}],"line":66},"19":{"loc":{"start":{"line":83,"column":22},"end":{"line":83,"column":116}},"type":"binary-expr","locations":[{"start":{"line":83,"column":22},"end":{"line":83,"column":34}},{"start":{"line":83,"column":39},"end":{"line":83,"column":51}},{"start":{"line":83,"column":55},"end":{"line":83,"column":71}},{"start":{"line":83,"column":75},"end":{"line":83,"column":115}}],"line":83},"20":{"loc":{"start":{"line":84,"column":8},"end":{"line":86,"column":9}},"type":"if","locations":[{"start":{"line":84,"column":8},"end":{"line":86,"column":9}},{"start":{},"end":{}}],"line":84},"21":{"loc":{"start":{"line":90,"column":12},"end":{"line":92,"column":13}},"type":"if","locations":[{"start":{"line":90,"column":12},"end":{"line":92,"column":13}},{"start":{},"end":{}}],"line":90},"22":{"loc":{"start":{"line":90,"column":16},"end":{"line":90,"column":52}},"type":"binary-expr","locations":[{"start":{"line":90,"column":16},"end":{"line":90,"column":21}},{"start":{"line":90,"column":25},"end":{"line":90,"column":52}}],"line":90},"23":{"loc":{"start":{"line":95,"column":24},"end":{"line":95,"column":96}},"type":"binary-expr","locations":[{"start":{"line":95,"column":25},"end":{"line":95,"column":37}},{"start":{"line":95,"column":41},"end":{"line":95,"column":57}},{"start":{"line":95,"column":63},"end":{"line":95,"column":75}},{"start":{"line":95,"column":79},"end":{"line":95,"column":95}}],"line":95},"24":{"loc":{"start":{"line":96,"column":12},"end":{"line":103,"column":13}},"type":"if","locations":[{"start":{"line":96,"column":12},"end":{"line":103,"column":13}},{"start":{},"end":{}}],"line":96}},"s":{"0":0,"1":0,"2":0,"3":0,"4":0,"5":0,"6":0,"7":0,"8":0,"9":0,"10":0,"11":0,"12":0,"13":0,"14":0,"15":0,"16":0,"17":0,"18":0,"19":0,"20":0,"21":0,"22":0,"23":0,"24":0,"25":0,"26":0,"27":0,"28":0,"29":0,"30":0,"31":0,"32":0,"33":0,"34":0,"35":0,"36":0,"37":0,"38":0,"39":0,"40":0,"41":0,"42":0,"43":0,"44":0,"45":0,"46":0,"47":0,"48":0,"49":0,"50":0,"51":0,"52":0,"53":0,"54":0,"55":0,"56":0,"57":0,"58":0,"59":0,"60":0,"61":0,"62":0,"63":0,"64":0,"65":0,"66":0,"67":0,"68":0,"69":0,"70":0,"71":0},"f":{"0":0,"1":0,"2":0,"3":0,"4":0,"5":0,"6":0,"7":0,"8":0,"9":0},"b":{"0":[0,0,0],"1":[0,0],"2":[0,0],"3":[0,0],"4":[0,0],"5":[0,0],"6":[0,0],"7":[0,0],"8":[0,0],"9":[0,0,0],"10":[0,0,0],"11":[0,0],"12":[0,0],"13":[0,0,0],"14":[0,0],"15":[0,0],"16":[0,0],"17":[0,0],"18":[0,0],"19":[0,0,0,0],"20":[0,0],"21":[0,0],"22":[0,0],"23":[0,0,0,0],"24":[0,0]}}
,"/Users/jose/Documents/CSI-CyberLab/backend/dist/src/auth/auth.module.d.ts": {"path":"/Users/jose/Documents/CSI-CyberLab/backend/dist/src/auth/auth.module.d.ts","statementMap":{},"fnMap":{},"branchMap":{},"s":{},"f":{},"b":{}}
,"/Users/jose/Documents/CSI-CyberLab/backend/dist/src/auth/auth.module.js": {"path":"/Users/jose/Documents/CSI-CyberLab/backend/dist/src/auth/auth.module.js","statementMap":{"0":{"start":{"line":2,"column":17},"end":{"line":7,"column":1}},"1":{"start":{"line":3,"column":12},"end":{"line":3,"column":28}},"2":{"start":{"line":3,"column":34},"end":{"line":3,"column":125}},"3":{"start":{"line":4,"column":4},"end":{"line":5,"column":150}},"4":{"start":{"line":4,"column":79},"end":{"line":4,"column":131}},"5":{"start":{"line":5,"column":9},"end":{"line":5,"column":150}},"6":{"start":{"line":5,"column":22},"end":{"line":5,"column":43}},"7":{"start":{"line":5,"column":58},"end":{"line":5,"column":150}},"8":{"start":{"line":5,"column":81},"end":{"line":5,"column":150}},"9":{"start":{"line":6,"column":4},"end":{"line":6,"column":66}},"10":{"start":{"line":8,"column":0},"end":{"line":8,"column":62}},"11":{"start":{"line":9,"column":0},"end":{"line":9,"column":28}},"12":{"start":{"line":10,"column":17},"end":{"line":10,"column":42}},"13":{"start":{"line":11,"column":23},"end":{"line":11,"column":48}},"14":{"start":{"line":12,"column":26},"end":{"line":12,"column":54}},"15":{"start":{"line":13,"column":22},"end":{"line":13,"column":53}},"16":{"start":{"line":14,"column":14},"end":{"line":14,"column":36}},"17":{"start":{"line":15,"column":17},"end":{"line":15,"column":42}},"18":{"start":{"line":16,"column":17},"end":{"line":17,"column":1}},"19":{"start":{"line":18,"column":0},"end":{"line":18,"column":32}},"20":{"start":{"line":19,"column":0},"end":{"line":38,"column":15}},"21":{"start":{"line":23,"column":43},"end":{"line":23,"column":67}},"22":{"start":{"line":27,"column":54},"end":{"line":30,"column":17}}},"fnMap":{"0":{"name":"(anonymous_0)","decl":{"start":{"line":2,"column":46},"end":{"line":2,"column":47}},"loc":{"start":{"line":2,"column":87},"end":{"line":7,"column":1}},"line":2},"1":{"name":"(anonymous_1)","decl":{"start":{"line":23,"column":37},"end":{"line":23,"column":38}},"loc":{"start":{"line":23,"column":43},"end":{"line":23,"column":67}},"line":23},"2":{"name":"(anonymous_2)","decl":{"start":{"line":27,"column":28},"end":{"line":27,"column":29}},"loc":{"start":{"line":27,"column":54},"end":{"line":30,"column":17}},"line":27}},"branchMap":{"0":{"loc":{"start":{"line":2,"column":17},"end":{"line":7,"column":1}},"type":"binary-expr","locations":[{"start":{"line":2,"column":18},"end":{"line":2,"column":22}},{"start":{"line":2,"column":26},"end":{"line":2,"column":41}},{"start":{"line":2,"column":46},"end":{"line":7,"column":1}}],"line":2},"1":{"loc":{"start":{"line":3,"column":34},"end":{"line":3,"column":125}},"type":"cond-expr","locations":[{"start":{"line":3,"column":42},"end":{"line":3,"column":48}},{"start":{"line":3,"column":51},"end":{"line":3,"column":125}}],"line":3},"2":{"loc":{"start":{"line":3,"column":51},"end":{"line":3,"column":125}},"type":"cond-expr","locations":[{"start":{"line":3,"column":67},"end":{"line":3,"column":118}},{"start":{"line":3,"column":121},"end":{"line":3,"column":125}}],"line":3},"3":{"loc":{"start":{"line":4,"column":4},"end":{"line":5,"column":150}},"type":"if","locations":[{"start":{"line":4,"column":4},"end":{"line":5,"column":150}},{"start":{"line":5,"column":9},"end":{"line":5,"column":150}}],"line":4},"4":{"loc":{"start":{"line":4,"column":8},"end":{"line":4,"column":77}},"type":"binary-expr","locations":[{"start":{"line":4,"column":8},"end":{"line":4,"column":35}},{"start":{"line":4,"column":39},"end":{"line":4,"column":77}}],"line":4},"5":{"loc":{"start":{"line":5,"column":58},"end":{"line":5,"column":150}},"type":"if","locations":[{"start":{"line":5,"column":58},"end":{"line":5,"column":150}},{"start":{},"end":{}}],"line":5},"6":{"loc":{"start":{"line":5,"column":85},"end":{"line":5,"column":149}},"type":"binary-expr","locations":[{"start":{"line":5,"column":86},"end":{"line":5,"column":143}},{"start":{"line":5,"column":148},"end":{"line":5,"column":149}}],"line":5},"7":{"loc":{"start":{"line":5,"column":86},"end":{"line":5,"column":143}},"type":"cond-expr","locations":[{"start":{"line":5,"column":94},"end":{"line":5,"column":98}},{"start":{"line":5,"column":101},"end":{"line":5,"column":143}}],"line":5},"8":{"loc":{"start":{"line":5,"column":101},"end":{"line":5,"column":143}},"type":"cond-expr","locations":[{"start":{"line":5,"column":109},"end":{"line":5,"column":126}},{"start":{"line":5,"column":129},"end":{"line":5,"column":143}}],"line":5},"9":{"loc":{"start":{"line":6,"column":11},"end":{"line":6,"column":62}},"type":"binary-expr","locations":[{"start":{"line":6,"column":11},"end":{"line":6,"column":16}},{"start":{"line":6,"column":20},"end":{"line":6,"column":21}},{"start":{"line":6,"column":25},"end":{"line":6,"column":62}}],"line":6},"10":{"loc":{"start":{"line":28,"column":28},"end":{"line":28,"column":104}},"type":"binary-expr","locations":[{"start":{"line":28,"column":28},"end":{"line":28,"column":59}},{"start":{"line":28,"column":63},"end":{"line":28,"column":104}}],"line":28}},"s":{"0":0,"1":0,"2":0,"3":0,"4":0,"5":0,"6":0,"7":0,"8":0,"9":0,"10":0,"11":0,"12":0,"13":0,"14":0,"15":0,"16":0,"17":0,"18":0,"19":0,"20":0,"21":0,"22":0},"f":{"0":0,"1":0,"2":0},"b":{"0":[0,0,0],"1":[0,0],"2":[0,0],"3":[0,0],"4":[0,0],"5":[0,0],"6":[0,0],"7":[0,0],"8":[0,0],"9":[0,0,0],"10":[0,0]}}
,"/Users/jose/Documents/CSI-CyberLab/backend/dist/src/auth/auth.service.d.ts": {"path":"/Users/jose/Documents/CSI-CyberLab/backend/dist/src/auth/auth.service.d.ts","statementMap":{},"fnMap":{},"branchMap":{},"s":{},"f":{},"b":{}}
,"/Users/jose/Documents/CSI-CyberLab/backend/dist/src/auth/auth.service.js": {"path":"/Users/jose/Documents/CSI-CyberLab/backend/dist/src/auth/auth.service.js","statementMap":{"0":{"start":{"line":2,"column":17},"end":{"line":7,"column":1}},"1":{"start":{"line":3,"column":12},"end":{"line":3,"column":28}},"2":{"start":{"line":3,"column":34},"end":{"line":3,"column":125}},"3":{"start":{"line":4,"column":4},"end":{"line":5,"column":150}},"4":{"start":{"line":4,"column":79},"end":{"line":4,"column":131}},"5":{"start":{"line":5,"column":9},"end":{"line":5,"column":150}},"6":{"start":{"line":5,"column":22},"end":{"line":5,"column":43}},"7":{"start":{"line":5,"column":58},"end":{"line":5,"column":150}},"8":{"start":{"line":5,"column":81},"end":{"line":5,"column":150}},"9":{"start":{"line":6,"column":4},"end":{"line":6,"column":66}},"10":{"start":{"line":8,"column":17},"end":{"line":10,"column":1}},"11":{"start":{"line":9,"column":4},"end":{"line":9,"column":109}},"12":{"start":{"line":9,"column":79},"end":{"line":9,"column":109}},"13":{"start":{"line":11,"column":0},"end":{"line":11,"column":62}},"14":{"start":{"line":12,"column":0},"end":{"line":12,"column":29}},"15":{"start":{"line":13,"column":17},"end":{"line":13,"column":42}},"16":{"start":{"line":14,"column":23},"end":{"line":14,"column":55}},"17":{"start":{"line":15,"column":22},"end":{"line":15,"column":53}},"18":{"start":{"line":16,"column":15},"end":{"line":16,"column":32}},"19":{"start":{"line":17,"column":17},"end":{"line":17,"column":42}},"20":{"start":{"line":18,"column":14},"end":{"line":18,"column":36}},"21":{"start":{"line":19,"column":18},"end":{"line":111,"column":1}},"22":{"start":{"line":24,"column":8},"end":{"line":24,"column":39}},"23":{"start":{"line":25,"column":8},"end":{"line":25,"column":43}},"24":{"start":{"line":26,"column":8},"end":{"line":26,"column":37}},"25":{"start":{"line":29,"column":8},"end":{"line":32,"column":9}},"26":{"start":{"line":30,"column":12},"end":{"line":30,"column":50}},"27":{"start":{"line":31,"column":12},"end":{"line":31,"column":75}},"28":{"start":{"line":33,"column":29},"end":{"line":33,"column":83}},"29":{"start":{"line":34,"column":8},"end":{"line":37,"column":9}},"30":{"start":{"line":35,"column":12},"end":{"line":35,"column":50}},"31":{"start":{"line":36,"column":12},"end":{"line":36,"column":75}},"32":{"start":{"line":38,"column":21},"end":{"line":38,"column":45}},"33":{"start":{"line":39,"column":8},"end":{"line":39,"column":46}},"34":{"start":{"line":40,"column":8},"end":{"line":40,"column":40}},"35":{"start":{"line":41,"column":27},"end":{"line":41,"column":78}},"36":{"start":{"line":42,"column":8},"end":{"line":45,"column":9}},"37":{"start":{"line":43,"column":12},"end":{"line":43,"column":78}},"38":{"start":{"line":44,"column":12},"end":{"line":44,"column":102}},"39":{"start":{"line":46,"column":30},"end":{"line":46,"column":98}},"40":{"start":{"line":47,"column":8},"end":{"line":50,"column":9}},"41":{"start":{"line":48,"column":12},"end":{"line":48,"column":52}},"42":{"start":{"line":49,"column":12},"end":{"line":49,"column":78}},"43":{"start":{"line":51,"column":24},"end":{"line":58,"column":9}},"44":{"start":{"line":59,"column":8},"end":{"line":59,"column":52}},"45":{"start":{"line":62,"column":21},"end":{"line":62,"column":72}},"46":{"start":{"line":63,"column":8},"end":{"line":65,"column":9}},"47":{"start":{"line":64,"column":12},"end":{"line":64,"column":79}},"48":{"start":{"line":66,"column":32},"end":{"line":66,"column":87}},"49":{"start":{"line":67,"column":8},"end":{"line":69,"column":9}},"50":{"start":{"line":68,"column":12},"end":{"line":68,"column":79}},"51":{"start":{"line":70,"column":24},"end":{"line":74,"column":9}},"52":{"start":{"line":75,"column":8},"end":{"line":89,"column":9}},"53":{"start":{"line":76,"column":32},"end":{"line":76,"column":83}},"54":{"start":{"line":77,"column":33},"end":{"line":77,"column":83}},"55":{"start":{"line":78,"column":12},"end":{"line":78,"column":45}},"56":{"start":{"line":79,"column":12},"end":{"line":79,"column":50}},"57":{"start":{"line":80,"column":12},"end":{"line":85,"column":14}},"58":{"start":{"line":88,"column":12},"end":{"line":88,"column":78}},"59":{"start":{"line":92,"column":8},"end":{"line":106,"column":9}},"60":{"start":{"line":93,"column":25},"end":{"line":93,"column":33}},"61":{"start":{"line":94,"column":12},"end":{"line":96,"column":13}},"62":{"start":{"line":95,"column":16},"end":{"line":95,"column":83}},"63":{"start":{"line":97,"column":27},"end":{"line":97,"column":73}},"64":{"start":{"line":98,"column":12},"end":{"line":101,"column":13}},"65":{"start":{"line":99,"column":16},"end":{"line":99,"column":43}},"66":{"start":{"line":100,"column":16},"end":{"line":100,"column":56}},"67":{"start":{"line":102,"column":12},"end":{"line":102,"column":52}},"68":{"start":{"line":105,"column":12},"end":{"line":105,"column":44}},"69":{"start":{"line":109,"column":8},"end":{"line":109,"column":51}},"70":{"start":{"line":112,"column":0},"end":{"line":112,"column":34}},"71":{"start":{"line":113,"column":0},"end":{"line":118,"column":16}}},"fnMap":{"0":{"name":"(anonymous_0)","decl":{"start":{"line":2,"column":46},"end":{"line":2,"column":47}},"loc":{"start":{"line":2,"column":87},"end":{"line":7,"column":1}},"line":2},"1":{"name":"(anonymous_1)","decl":{"start":{"line":8,"column":46},"end":{"line":8,"column":47}},"loc":{"start":{"line":8,"column":62},"end":{"line":10,"column":1}},"line":8},"2":{"name":"(anonymous_2)","decl":{"start":{"line":23,"column":4},"end":{"line":23,"column":5}},"loc":{"start":{"line":23,"column":56},"end":{"line":27,"column":5}},"line":23},"3":{"name":"(anonymous_3)","decl":{"start":{"line":28,"column":4},"end":{"line":28,"column":5}},"loc":{"start":{"line":28,"column":33},"end":{"line":60,"column":5}},"line":28},"4":{"name":"(anonymous_4)","decl":{"start":{"line":61,"column":4},"end":{"line":61,"column":5}},"loc":{"start":{"line":61,"column":27},"end":{"line":90,"column":5}},"line":61},"5":{"name":"(anonymous_5)","decl":{"start":{"line":91,"column":4},"end":{"line":91,"column":5}},"loc":{"start":{"line":91,"column":22},"end":{"line":107,"column":5}},"line":91},"6":{"name":"(anonymous_6)","decl":{"start":{"line":108,"column":4},"end":{"line":108,"column":5}},"loc":{"start":{"line":108,"column":33},"end":{"line":110,"column":5}},"line":108}},"branchMap":{"0":{"loc":{"start":{"line":2,"column":17},"end":{"line":7,"column":1}},"type":"binary-expr","locations":[{"start":{"line":2,"column":18},"end":{"line":2,"column":22}},{"start":{"line":2,"column":26},"end":{"line":2,"column":41}},{"start":{"line":2,"column":46},"end":{"line":7,"column":1}}],"line":2},"1":{"loc":{"start":{"line":3,"column":34},"end":{"line":3,"column":125}},"type":"cond-expr","locations":[{"start":{"line":3,"column":42},"end":{"line":3,"column":48}},{"start":{"line":3,"column":51},"end":{"line":3,"column":125}}],"line":3},"2":{"loc":{"start":{"line":3,"column":51},"end":{"line":3,"column":125}},"type":"cond-expr","locations":[{"start":{"line":3,"column":67},"end":{"line":3,"column":118}},{"start":{"line":3,"column":121},"end":{"line":3,"column":125}}],"line":3},"3":{"loc":{"start":{"line":4,"column":4},"end":{"line":5,"column":150}},"type":"if","locations":[{"start":{"line":4,"column":4},"end":{"line":5,"column":150}},{"start":{"line":5,"column":9},"end":{"line":5,"column":150}}],"line":4},"4":{"loc":{"start":{"line":4,"column":8},"end":{"line":4,"column":77}},"type":"binary-expr","locations":[{"start":{"line":4,"column":8},"end":{"line":4,"column":35}},{"start":{"line":4,"column":39},"end":{"line":4,"column":77}}],"line":4},"5":{"loc":{"start":{"line":5,"column":58},"end":{"line":5,"column":150}},"type":"if","locations":[{"start":{"line":5,"column":58},"end":{"line":5,"column":150}},{"start":{},"end":{}}],"line":5},"6":{"loc":{"start":{"line":5,"column":85},"end":{"line":5,"column":149}},"type":"binary-expr","locations":[{"start":{"line":5,"column":86},"end":{"line":5,"column":143}},{"start":{"line":5,"column":148},"end":{"line":5,"column":149}}],"line":5},"7":{"loc":{"start":{"line":5,"column":86},"end":{"line":5,"column":143}},"type":"cond-expr","locations":[{"start":{"line":5,"column":94},"end":{"line":5,"column":98}},{"start":{"line":5,"column":101},"end":{"line":5,"column":143}}],"line":5},"8":{"loc":{"start":{"line":5,"column":101},"end":{"line":5,"column":143}},"type":"cond-expr","locations":[{"start":{"line":5,"column":109},"end":{"line":5,"column":126}},{"start":{"line":5,"column":129},"end":{"line":5,"column":143}}],"line":5},"9":{"loc":{"start":{"line":6,"column":11},"end":{"line":6,"column":62}},"type":"binary-expr","locations":[{"start":{"line":6,"column":11},"end":{"line":6,"column":16}},{"start":{"line":6,"column":20},"end":{"line":6,"column":21}},{"start":{"line":6,"column":25},"end":{"line":6,"column":62}}],"line":6},"10":{"loc":{"start":{"line":8,"column":17},"end":{"line":10,"column":1}},"type":"binary-expr","locations":[{"start":{"line":8,"column":18},"end":{"line":8,"column":22}},{"start":{"line":8,"column":26},"end":{"line":8,"column":41}},{"start":{"line":8,"column":46},"end":{"line":10,"column":1}}],"line":8},"11":{"loc":{"start":{"line":9,"column":4},"end":{"line":9,"column":109}},"type":"if","locations":[{"start":{"line":9,"column":4},"end":{"line":9,"column":109}},{"start":{},"end":{}}],"line":9},"12":{"loc":{"start":{"line":9,"column":8},"end":{"line":9,"column":77}},"type":"binary-expr","locations":[{"start":{"line":9,"column":8},"end":{"line":9,"column":35}},{"start":{"line":9,"column":39},"end":{"line":9,"column":77}}],"line":9},"13":{"loc":{"start":{"line":29,"column":8},"end":{"line":32,"column":9}},"type":"if","locations":[{"start":{"line":29,"column":8},"end":{"line":32,"column":9}},{"start":{},"end":{}}],"line":29},"14":{"loc":{"start":{"line":34,"column":8},"end":{"line":37,"column":9}},"type":"if","locations":[{"start":{"line":34,"column":8},"end":{"line":37,"column":9}},{"start":{},"end":{}}],"line":34},"15":{"loc":{"start":{"line":41,"column":34},"end":{"line":41,"column":77}},"type":"binary-expr","locations":[{"start":{"line":41,"column":34},"end":{"line":41,"column":71}},{"start":{"line":41,"column":75},"end":{"line":41,"column":77}}],"line":41},"16":{"loc":{"start":{"line":42,"column":8},"end":{"line":45,"column":9}},"type":"if","locations":[{"start":{"line":42,"column":8},"end":{"line":45,"column":9}},{"start":{},"end":{}}],"line":42},"17":{"loc":{"start":{"line":47,"column":8},"end":{"line":50,"column":9}},"type":"if","locations":[{"start":{"line":47,"column":8},"end":{"line":50,"column":9}},{"start":{},"end":{}}],"line":47},"18":{"loc":{"start":{"line":63,"column":8},"end":{"line":65,"column":9}},"type":"if","locations":[{"start":{"line":63,"column":8},"end":{"line":65,"column":9}},{"start":{},"end":{}}],"line":63},"19":{"loc":{"start":{"line":67,"column":8},"end":{"line":69,"column":9}},"type":"if","locations":[{"start":{"line":67,"column":8},"end":{"line":69,"column":9}},{"start":{},"end":{}}],"line":67},"20":{"loc":{"start":{"line":94,"column":12},"end":{"line":96,"column":13}},"type":"if","locations":[{"start":{"line":94,"column":12},"end":{"line":96,"column":13}},{"start":{},"end":{}}],"line":94},"21":{"loc":{"start":{"line":94,"column":16},"end":{"line":94,"column":36}},"type":"binary-expr","locations":[{"start":{"line":94,"column":16},"end":{"line":94,"column":21}},{"start":{"line":94,"column":25},"end":{"line":94,"column":36}}],"line":94},"22":{"loc":{"start":{"line":98,"column":12},"end":{"line":101,"column":13}},"type":"if","locations":[{"start":{"line":98,"column":12},"end":{"line":101,"column":13}},{"start":{},"end":{}}],"line":98}},"s":{"0":0,"1":0,"2":0,"3":0,"4":0,"5":0,"6":0,"7":0,"8":0,"9":0,"10":0,"11":0,"12":0,"13":0,"14":0,"15":0,"16":0,"17":0,"18":0,"19":0,"20":0,"21":0,"22":0,"23":0,"24":0,"25":0,"26":0,"27":0,"28":0,"29":0,"30":0,"31":0,"32":0,"33":0,"34":0,"35":0,"36":0,"37":0,"38":0,"39":0,"40":0,"41":0,"42":0,"43":0,"44":0,"45":0,"46":0,"47":0,"48":0,"49":0,"50":0,"51":0,"52":0,"53":0,"54":0,"55":0,"56":0,"57":0,"58":0,"59":0,"60":0,"61":0,"62":0,"63":0,"64":0,"65":0,"66":0,"67":0,"68":0,"69":0,"70":0,"71":0},"f":{"0":0,"1":0,"2":0,"3":0,"4":0,"5":0,"6":0},"b":{"0":[0,0,0],"1":[0,0],"2":[0,0],"3":[0,0],"4":[0,0],"5":[0,0],"6":[0,0],"7":[0,0],"8":[0,0],"9":[0,0,0],"10":[0,0,0],"11":[0,0],"12":[0,0],"13":[0,0],"14":[0,0],"15":[0,0],"16":[0,0],"17":[0,0],"18":[0,0],"19":[0,0],"20":[0,0],"21":[0,0],"22":[0,0]}}
,"/Users/jose/Documents/CSI-CyberLab/backend/dist/src/auth/csrf.guard.d.ts": {"path":"/Users/jose/Documents/CSI-CyberLab/backend/dist/src/auth/csrf.guard.d.ts","statementMap":{},"fnMap":{},"branchMap":{},"s":{},"f":{},"b":{}}
,"/Users/jose/Documents/CSI-CyberLab/backend/dist/src/auth/csrf.guard.js": {"path":"/Users/jose/Documents/CSI-CyberLab/backend/dist/src/auth/csrf.guard.js","statementMap":{"0":{"start":{"line":2,"column":17},"end":{"line":7,"column":1}},"1":{"start":{"line":3,"column":12},"end":{"line":3,"column":28}},"2":{"start":{"line":3,"column":34},"end":{"line":3,"column":125}},"3":{"start":{"line":4,"column":4},"end":{"line":5,"column":150}},"4":{"start":{"line":4,"column":79},"end":{"line":4,"column":131}},"5":{"start":{"line":5,"column":9},"end":{"line":5,"column":150}},"6":{"start":{"line":5,"column":22},"end":{"line":5,"column":43}},"7":{"start":{"line":5,"column":58},"end":{"line":5,"column":150}},"8":{"start":{"line":5,"column":81},"end":{"line":5,"column":150}},"9":{"start":{"line":6,"column":4},"end":{"line":6,"column":66}},"10":{"start":{"line":8,"column":0},"end":{"line":8,"column":62}},"11":{"start":{"line":9,"column":0},"end":{"line":9,"column":27}},"12":{"start":{"line":10,"column":0},"end":{"line":10,"column":46}},"13":{"start":{"line":11,"column":17},"end":{"line":11,"column":42}},"14":{"start":{"line":12,"column":15},"end":{"line":12,"column":32}},"15":{"start":{"line":13,"column":16},"end":{"line":23,"column":1}},"16":{"start":{"line":15,"column":24},"end":{"line":15,"column":59}},"17":{"start":{"line":16,"column":26},"end":{"line":16,"column":80}},"18":{"start":{"line":17,"column":27},"end":{"line":17,"column":55}},"19":{"start":{"line":18,"column":8},"end":{"line":20,"column":9}},"20":{"start":{"line":19,"column":12},"end":{"line":19,"column":83}},"21":{"start":{"line":21,"column":8},"end":{"line":21,"column":20}},"22":{"start":{"line":24,"column":0},"end":{"line":24,"column":30}},"23":{"start":{"line":25,"column":0},"end":{"line":27,"column":14}},"24":{"start":{"line":29,"column":4},"end":{"line":29,"column":50}}},"fnMap":{"0":{"name":"(anonymous_0)","decl":{"start":{"line":2,"column":46},"end":{"line":2,"column":47}},"loc":{"start":{"line":2,"column":87},"end":{"line":7,"column":1}},"line":2},"1":{"name":"(anonymous_1)","decl":{"start":{"line":14,"column":4},"end":{"line":14,"column":5}},"loc":{"start":{"line":14,"column":25},"end":{"line":22,"column":5}},"line":14},"2":{"name":"generateCsrfToken","decl":{"start":{"line":28,"column":9},"end":{"line":28,"column":26}},"loc":{"start":{"line":28,"column":29},"end":{"line":30,"column":1}},"line":28}},"branchMap":{"0":{"loc":{"start":{"line":2,"column":17},"end":{"line":7,"column":1}},"type":"binary-expr","locations":[{"start":{"line":2,"column":18},"end":{"line":2,"column":22}},{"start":{"line":2,"column":26},"end":{"line":2,"column":41}},{"start":{"line":2,"column":46},"end":{"line":7,"column":1}}],"line":2},"1":{"loc":{"start":{"line":3,"column":34},"end":{"line":3,"column":125}},"type":"cond-expr","locations":[{"start":{"line":3,"column":42},"end":{"line":3,"column":48}},{"start":{"line":3,"column":51},"end":{"line":3,"column":125}}],"line":3},"2":{"loc":{"start":{"line":3,"column":51},"end":{"line":3,"column":125}},"type":"cond-expr","locations":[{"start":{"line":3,"column":67},"end":{"line":3,"column":118}},{"start":{"line":3,"column":121},"end":{"line":3,"column":125}}],"line":3},"3":{"loc":{"start":{"line":4,"column":4},"end":{"line":5,"column":150}},"type":"if","locations":[{"start":{"line":4,"column":4},"end":{"line":5,"column":150}},{"start":{"line":5,"column":9},"end":{"line":5,"column":150}}],"line":4},"4":{"loc":{"start":{"line":4,"column":8},"end":{"line":4,"column":77}},"type":"binary-expr","locations":[{"start":{"line":4,"column":8},"end":{"line":4,"column":35}},{"start":{"line":4,"column":39},"end":{"line":4,"column":77}}],"line":4},"5":{"loc":{"start":{"line":5,"column":58},"end":{"line":5,"column":150}},"type":"if","locations":[{"start":{"line":5,"column":58},"end":{"line":5,"column":150}},{"start":{},"end":{}}],"line":5},"6":{"loc":{"start":{"line":5,"column":85},"end":{"line":5,"column":149}},"type":"binary-expr","locations":[{"start":{"line":5,"column":86},"end":{"line":5,"column":143}},{"start":{"line":5,"column":148},"end":{"line":5,"column":149}}],"line":5},"7":{"loc":{"start":{"line":5,"column":86},"end":{"line":5,"column":143}},"type":"cond-expr","locations":[{"start":{"line":5,"column":94},"end":{"line":5,"column":98}},{"start":{"line":5,"column":101},"end":{"line":5,"column":143}}],"line":5},"8":{"loc":{"start":{"line":5,"column":101},"end":{"line":5,"column":143}},"type":"cond-expr","locations":[{"start":{"line":5,"column":109},"end":{"line":5,"column":126}},{"start":{"line":5,"column":129},"end":{"line":5,"column":143}}],"line":5},"9":{"loc":{"start":{"line":6,"column":11},"end":{"line":6,"column":62}},"type":"binary-expr","locations":[{"start":{"line":6,"column":11},"end":{"line":6,"column":16}},{"start":{"line":6,"column":20},"end":{"line":6,"column":21}},{"start":{"line":6,"column":25},"end":{"line":6,"column":62}}],"line":6},"10":{"loc":{"start":{"line":16,"column":26},"end":{"line":16,"column":80}},"type":"binary-expr","locations":[{"start":{"line":16,"column":26},"end":{"line":16,"column":57}},{"start":{"line":16,"column":61},"end":{"line":16,"column":80}}],"line":16},"11":{"loc":{"start":{"line":18,"column":8},"end":{"line":20,"column":9}},"type":"if","locations":[{"start":{"line":18,"column":8},"end":{"line":20,"column":9}},{"start":{},"end":{}}],"line":18},"12":{"loc":{"start":{"line":18,"column":12},"end":{"line":18,"column":65}},"type":"binary-expr","locations":[{"start":{"line":18,"column":12},"end":{"line":18,"column":22}},{"start
[...]
s","statementMap":{"0":{"start":{"line":1,"column":0},"end":{"line":1,"column":55}},"1":{"start":{"line":2,"column":0},"end":{"line":2,"column":71}},"2":{"start":{"line":3,"column":0},"end":{"line":3,"column":54}},"3":{"start":{"line":4,"column":0},"end":{"line":4,"column":45}},"4":{"start":{"line":6,"column":0},"end":{"line":6,"column":37}},"5":{"start":{"line":7,"column":0},"end":{"line":7,"column":41}},"6":{"start":{"line":11,"column":7},"end":{"line":96,"column":null}},"7":{"start":{"line":13,"column":21},"end":{"line":13,"column":34}},"8":{"start":{"line":14,"column":21},"end":{"line":14,"column":33}},"9":{"start":{"line":20,"column":4},"end":{"line":20,"column":48}},"10":{"start":{"line":26,"column":18},"end":{"line":26,"column":53}},"11":{"start":{"line":27,"column":4},"end":{"line":27,"column":21}},"12":{"start":{"line":41,"column":8},"end":{"line":41,"column":65}},"13":{"start":{"line":42,"column":4},"end":{"line":47,"column":6}},"14":{"start":{"line":56,"column":4},"end":{"line":60,"column":5}},"15":{"start":{"line":57,"column":6},"end":{"line":57,"column":61}},"16":{"start":{"line":59,"column":6},"end":{"line":59,"column":57}},"17":{"start":{"line":68,"column":4},"end":{"line":72,"column":5}},"18":{"start":{"line":69,"column":6},"end":{"line":69,"column":65}},"19":{"start":{"line":71,"column":6},"end":{"line":71,"column":57}},"20":{"start":{"line":79,"column":4},"end":{"line":79,"column":53}},"21":{"start":{"line":86,"column":4},"end":{"line":86,"column":54}},"22":{"start":{"line":93,"column":4},"end":{"line":93,"column":42}},"23":{"start":{"line":94,"column":4},"end":{"line":94,"column":39}},"24":{"start":{"line":11,"column":13},"end":{"line":11,"column":27}},"25":{"start":{"line":19,"column":8},"end":{"line":21,"column":null}},"26":{"start":{"line":25,"column":8},"end":{"line":28,"column":null}},"27":{"start":{"line":33,"column":8},"end":{"line":48,"column":null}},"28":{"start":{"line":53,"column":8},"end":{"line":61,"column":null}},"29":{"start":{"line":65,"column":8},"end":{"line":73,"column":null}},"30":{"start":{"line":78,"column":8},"end":{"line":80,"column":null}},"31":{"start":{"line":85,"column":8},"end":{"line":87,"column":null}},"32":{"start":{"line":92,"column":8},"end":{"line":95,"column":null}},"33":{"start":{"line":11,"column":13},"end":{"line":96,"column":null}}},"fnMap":{"0":{"name":"(anonymous_4)","decl":{"start":{"line":12,"column":2},"end":{"line":12,"column":null}},"loc":{"start":{"line":14,"column":43},"end":{"line":15,"column":6}}},"1":{"name":"(anonymous_5)","decl":{"start":{"line":19,"column":2},"end":{"line":19,"column":7}},"loc":{"start":{"line":19,"column":19},"end":{"line":21,"column":3}}},"2":{"name":"(anonymous_6)","decl":{"start":{"line":25,"column":2},"end":{"line":25,"column":7}},"loc":{"start":{"line":25,"column":16},"end":{"line":28,"column":3}}},"3":{"name":"(anonymous_7)","decl":{"start":{"line":33,"column":2},"end":{"line":33,"column":7}},"loc":{"start":{"line":35,"column":31},"end":{"line":48,"column":3}}},"4":{"name":"(anonymous_8)","decl":{"start":{"line":53,"column":2},"end":{"line":53,"column":7}},"loc":{"start":{"line":54,"column":39},"end":{"line":61,"column":3}}},"5":{"name":"(anonymous_9)","decl":{"start":{"line":65,"column":2},"end":{"line":65,"column":7}},"loc":{"start":{"line":66,"column":43},"end":{"line":73,"column":3}}},"6":{"name":"(anonymous_10)","decl":{"start":{"line":78,"column":2},"end":{"line":78,"column":7}},"loc":{"start":{"line":78,"column":49},"end":{"line":80,"column":3}}},"7":{"name":"(anonymous_11)","decl":{"start":{"line":85,"column":2},"end":{"line":85,"column":7}},"loc":{"start":{"line":85,"column":43},"end":{"line":87,"column":3}}},"8":{"name":"(anonymous_12)","decl":{"start":{"line":92,"column":2},"end":{"line":92,"column":7}},"loc":{"start":{"line":92,"column":42},"end":{"line":95,"column":3}}}},"branchMap":{},"s":{"0":0,"1":0,"2":0,"3":0,"4":0,"5":0,"6":0,"7":0,"8":0,"9":0,"10":0,"11":0,"12":0,"13":0,"14":0,"15":0,"16":0,"17":0,"18":0,"19":0,"20":0,"21":0,"22":0,"23":0,"24":0,"25":0,"26":0,"27":0,"28":0,"29":0,"30":0,"31":0,"32":0,"33":0},"f":{"0":0,"1":0,"2":0,"3":0,"4":0,"5":0,"6":0,"7":0,"8":0},"b":{}}
,"/Users/jose/Documents/CSI-CyberLab/backend/src/users/user.dto.ts": {"path":"/Users/jose/Documents/CSI-CyberLab/backend/src/users/user.dto.ts","statementMap":{"0":{"start":{"line":1,"column":0},"end":{"line":1,"column":null}},"1":{"start":{"line":10,"column":0},"end":{"line":10,"column":13}},"2":{"start":{"line":13,"column":2},"end":{"line":13,"column":null}},"3":{"start":{"line":17,"column":2},"end":{"line":17,"column":null}},"4":{"start":{"line":25,"column":2},"end":{"line":25,"column":null}},"5":{"start":{"line":28,"column":2},"end":{"line":28,"column":null}},"6":{"start":{"line":32,"column":2},"end":{"line":32,"column":null}},"7":{"start":{"line":36,"column":2},"end":{"line":36,"column":null}}},"fnMap":{},"branchMap":{},"s":{"0":0,"1":0,"2":0,"3":0,"4":0,"5":0,"6":0,"7":0},"f":{},"b":{}}
,"/Users/jose/Documents/CSI-CyberLab/backend/src/users/user.entity.ts": {"path":"/Users/jose/Documents/CSI-CyberLab/backend/src/users/user.entity.ts","statementMap":{"0":{"start":{"line":1,"column":0},"end":{"line":1,"column":null}},"1":{"start":{"line":10,"column":0},"end":{"line":10,"column":60}},"2":{"start":{"line":11,"column":0},"end":{"line":11,"column":44}},"3":{"start":{"line":12,"column":0},"end":{"line":12,"column":54}},"4":{"start":{"line":13,"column":0},"end":{"line":13,"column":44}},"5":{"start":{"line":16,"column":7},"end":{"line":67,"column":null}},"6":{"start":{"line":16,"column":13},"end":{"line":16,"column":17}},"7":{"start":{"line":19,"column":2},"end":{"line":19,"column":null}},"8":{"start":{"line":22,"column":2},"end":{"line":22,"column":null}},"9":{"start":{"line":21,"column":35},"end":{"line":21,"column":55}},"10":{"start":{"line":25,"column":2},"end":{"line":25,"column":null}},"11":{"start":{"line":28,"column":2},"end":{"line":28,"column":null}},"12":{"start":{"line":31,"column":2},"end":{"line":31,"column":null}},"13":{"start":{"line":35,"column":2},"end":{"line":35,"column":null}},"14":{"start":{"line":40,"column":2},"end":{"line":40,"column":null}},"15":{"start":{"line":37,"column":19},"end":{"line":37,"column":23}},"16":{"start":{"line":37,"column":35},"end":{"line":37,"column":42}},"17":{"start":{"line":47,"column":2},"end":{"line":47,"column":null}},"18":{"start":{"line":42,"column":20},"end":{"line":42,"column":29}},"19":{"start":{"line":42,"column":46},"end":{"line":42,"column":62}},"20":{"start":{"line":50,"column":2},"end":{"line":50,"column":null}},"21":{"start":{"line":49,"column":19},"end":{"line":49,"column":26}},"22":{"start":{"line":49,"column":41},"end":{"line":49,"column":53}},"23":{"start":{"line":53,"column":2},"end":{"line":53,"column":null}},"24":{"start":{"line":60,"column":2},"end":{"line":60,"column":null}},"25":{"start":{"line":57,"column":19},"end":{"line":57,"column":38}},"26":{"start":{"line":66,"column":2},"end":{"line":66,"column":null}},"27":{"start":{"line":63,"column":19},"end":{"line":63,"column":38}},"28":{"start":{"line":16,"column":13},"end":{"line":67,"column":null}}},"fnMap":{"0":{"name":"(anonymous_2)","decl":{"start":{"line":21,"column":29},"end":{"line":21,"column":32}},"loc":{"start":{"line":21,"column":35},"end":{"line":21,"column":55}}},"1":{"name":"(anonymous_3)","decl":{"start":{"line":37,"column":13},"end":{"line":37,"column":16}},"loc":{"start":{"line":37,"column":19},"end":{"line":37,"column":23}}},"2":{"name":"(anonymous_4)","decl":{"start":{"line":37,"column":25},"end":{"line":37,"column":26}},"loc":{"start":{"line":37,"column":35},"end":{"line":37,"column":42}}},"3":{"name":"(anonymous_5)","decl":{"start":{"line":42,"column":14},"end":{"line":42,"column":17}},"loc":{"start":{"line":42,"column":20},"end":{"line":42,"column":29}}},"4":{"name":"(anonymous_6)","decl":{"start":{"line":42,"column":31},"end":{"line":42,"column":32}},"loc":{"start":{"line":42,"column":46},"end":{"line":42,"column":62}}},"5":{"name":"(anonymous_7)","decl":{"start":{"line":49,"column":13},"end":{"line":49,"column":16}},"loc":{"start":{"line":49,"column":19},"end":{"line":49,"column":26}}},"6":{"name":"(anonymous_8)","decl":{"start":{"line":49,"column":28},"end":{"line":49,"column":29}},"loc":{"start":{"line":49,"column":41},"end":{"line":49,"column":53}}},"7":{"name":"(anonymous_9)","decl":{"start":{"line":57,"column":13},"end":{"line":57,"column":16}},"loc":{"start":{"line":57,"column":19},"end":{"line":57,"column":38}}},"8":{"name":"(anonymous_10)","decl":{"start":{"line":63,"column":13},"end":{"line":63,"column":16}},"loc":{"start":{"line":63,"column":19},"end":{"line":63,"column":38}}}},"branchMap":{},"s":{"0":2,"1":2,"2":2,"3":2,"4":2,"5":2,"6":2,"7":2,"8":2,"9":0,"10":2,"11":2,"12":2,"13":2,"14":2,"15":0,"16":0,"17":2,"18":0,"19":0,"20":2,"21":0,"22":0,"23":2,"24":2,"25":0,"26":2,"27":0,"28":2},"f":{"0":0,"1":0,"2":0,"3":0,"4":0,"5":0,"6":0,"7":0,"8":0},"b":{}}
,"/Users/jose/Documents/CSI-CyberLab/backend/src/users/user.module.ts": {"path":"/Users/jose/Documents/CSI-CyberLab/backend/src/users/user.module.ts","statementMap":{"0":{"start":{"line":1,"column":0},"end":{"line":1,"column":52}},"1":{"start":{"line":2,"column":0},"end":{"line":2,"column":48}},"2":{"start":{"line":3,"column":0},"end":{"line":3,"column":37}},"3":{"start":{"line":4,"column":0},"end":{"line":4,"column":44}},"4":{"start":{"line":5,"column":0},"end":{"line":5,"column":60}},"5":{"start":{"line":6,"column":0},"end":{"line":6,"column":42}},"6":{"start":{"line":7,"column":0},"end":{"line":7,"column":45}},"7":{"start":{"line":8,"column":0},"end":{"line":8,"column":51}},"8":{"start":{"line":9,"column":0},"end":{"line":9,"column":76}},"9":{"start":{"line":10,"column":0},"end":{"line":10,"column":50}},"10":{"start":{"line":11,"column":0},"end":{"line":11,"column":55}},"11":{"start":{"line":21,"column":7},"end":{"line":21,"column":null}},"12":{"start":{"line":21,"column":13},"end":{"line":21,"column":23}},"13":{"start":{"line":21,"column":13},"end":{"line":21,"column":null}},"14":{"start":{"line":15,"column":21},"end":{"line":15,"column":31}}},"fnMap":{"0":{"name":"(anonymous_1)","decl":{"start":{"line":15,"column":15},"end":{"line":15,"column":18}},"loc":{"start":{"line":15,"column":21},"end":{"line":15,"column":31}}}},"branchMap":{},"s":{"0":0,"1":0,"2":0,"3":0,"4":0,"5":0,"6":0,"7":0,"8":0,"9":0,"10":0,"11":0,"12":0,"13":0,"14":0},"f":{"0":0},"b":{}}
,"/Users/jose/Documents/CSI-CyberLab/backend/src/users/user.service.ts": {"path":"/Users/jose/Documents/CSI-CyberLab/backend/src/users/user.service.ts","statementMap":{"0":{"start":{"line":1,"column":0},"end":{"line":1,"column":null}},"1":{"start":{"line":7,"column":0},"end":{"line":7,"column":37}},"2":{"start":{"line":8,"column":0},"end":{"line":8,"column":37}},"3":{"start":{"line":9,"column":0},"end":{"line":9,"column":44}},"4":{"start":{"line":11,"column":0},"end":{"line":11,"column":51}},"5":{"start":{"line":14,"column":0},"end":{"line":14,"column":41}},"6":{"start":{"line":17,"column":7},"end":{"line":185,"column":null}},"7":{"start":{"line":21,"column":21},"end":{"line":21,"column":37}},"8":{"start":{"line":23,"column":21},"end":{"line":23,"column":37}},"9":{"start":{"line":24,"column":21},"end":{"line":24,"column":33}},"10":{"start":{"line":29,"column":4},"end":{"line":34,"column":5}},"11":{"start":{"line":30,"column":19},"end":{"line":30,"column":54}},"12":{"start":{"line":31,"column":6},"end":{"line":31,"column":50}},"13":{"start":{"line":33,"column":6},"end":{"line":33,"column":57}},"14":{"start":{"line":39,"column":17},"end":{"line":42,"column":6}},"15":{"start":{"line":43,"column":4},"end":{"line":43,"column":16}},"16":{"start":{"line":47,"column":4},"end":{"line":50,"column":7}},"17":{"start":{"line":56,"column":4},"end":{"line":72,"column":5}},"18":{"start":{"line":57,"column":19},"end":{"line":60,"column":8}},"19":{"start":{"line":61,"column":6},"end":{"line":61,"column":29}},"20":{"start":{"line":61,"column":17},"end":{"line":61,"column":29}},"21":{"start":{"line":63,"column":6},"end":{"line":68,"column":8}},"22":{"start":{"line":70,"column":6},"end":{"line":70,"column":57}},"23":{"start":{"line":71,"column":6},"end":{"line":71,"column":18}},"24":{"start":{"line":77,"column":4},"end":{"line":79,"column":7}},"25":{"start":{"line":84,"column":4},"end":{"line":84,"column":77}},"26":{"start":{"line":90,"column":17},"end":{"line":90,"column":77}},"27":{"start":{"line":91,"column":4},"end":{"line":93,"column":5}},"28":{"start":{"line":92,"column":6},"end":{"line":92,"column":52}},"29":{"start":{"line":96,"column":4},"end":{"line":109,"column":5}},"30":{"start":{"line":97,"column":21},"end":{"line":97,"column":46}},"31":{"start":{"line":98,"column":6},"end":{"line":100,"column":7}},"32":{"start":{"line":99,"column":8},"end":{"line":99,"column":54}},"33":{"start":{"line":102,"column":25},"end":{"line":104,"column":8}},"34":{"start":{"line":105,"column":6},"end":{"line":107,"column":7}},"35":{"start":{"line":106,"column":8},"end":{"line":106,"column":54}},"36":{"start":{"line":108,"column":6},"end":{"line":108,"column":31}},"37":{"start":{"line":112,"column":4},"end":{"line":120,"column":5}},"38":{"start":{"line":113,"column":27},"end":{"line":115,"column":8}},"39":{"start":{"line":116,"column":6},"end":{"line":118,"column":7}},"40":{"start":{"line":117,"column":8},"end":{"line":117,"column":60}},"41":{"start":{"line":119,"column":6},"end":{"line":119,"column":36}},"42":{"start":{"line":123,"column":4},"end":{"line":123,"column":65}},"43":{"start":{"line":123,"column":29},"end":{"line":123,"column":65}},"44":{"start":{"line":124,"column":4},"end":{"line":124,"column":65}},"45":{"start":{"line":124,"column":29},"end":{"line":124,"column":65}},"46":{"start":{"line":125,"column":4},"end":{"line":125,"column":65}},"47":{"start":{"line":125,"column":29},"end":{"line":125,"column":65}},"48":{"start":{"line":128,"column":4},"end":{"line":128,"column":41}},"49":{"start":{"line":131,"column":24},"end":{"line":134,"column":6}},"50":{"start":{"line":136,"column":4},"end":{"line":138,"column":5}},"51":{"start":{"line":137,"column":6},"end":{"line":137,"column":65}},"52":{"start":{"line":140,"column":20},"end":{"line":144,"column":6}},"53":{"start":{"line":145,"column":4},"end":{"line":155,"column":5}},"54":{"start":{"line":146,"column":26},"end":{"line":146,"column":55}},"55":{"start":{"line":147,"column":6},"end":{"line":151,"column":8}},"56":{"start":{"line":153,"column":6},"end":{"line":153,"column":51}},"57":{"start":{"line":154,"column":6},"end":{"line":154,"column":63}},"58":{"start":{"line":160,"column":17},"end":{"line":160,"column":69}},"59":{"start":{"line":161,"column":4},"end":{"line":163,"column":5}},"60":{"start":{"line":162,"column":6},"end":{"line":162,"column":52}},"61":{"start":{"line":166,"column":4},"end":{"line":171,"column":17}},"62":{"start":{"line":173,"column":4},"end":{"line":178,"column":17}},"63":{"start":{"line":183,"column":4},"end":{"line":183,"column":48}},"64":{"start":{"line":17,"column":13},"end":{"line":17,"column":24}},"65":{"start":{"line":17,"column":13},"end":{"line":185,"column":null}}},"fnMap":{"0":{"name":"(anonymous_4)","decl":{"start":{"line":19,"column":2},"end":{"line":19,"column":null}},"loc":{"start":{"line":24,"column":43},"end":{"line":25,"column":6}}},"1":{"name":"(anonymous_5)","decl":{"start":{"line":28,"column":2},"end":{"line":28,"column":7}},"loc":{"start":{"line":28,"column":43},"end":{"line":35,"column":3}}},"2":{"name":"(anonymous_6)","decl":{"start":{"line":38,"column":2},"end":{"line":38,"column":7}},"loc":{"start":{"line":38,"column":33},"end":{"line":44,"column":3}}},"3":{"name":"(anonymous_7)","decl":{"start":{"line":46,"column":2},"end":{"line":46,"column":7}},"loc":{"start":{"line":46,"column":39},"end":{"line":51,"column":3}}},"4":{"name":"(anonymous_8)","decl":{"start":{"line":53,"column":2},"end":{"line":53,"column":7}},"loc":{"start":{"line":54,"column":22},"end":{"line":73,"column":3}}},"5":{"name":"(anonymous_9)","decl":{"start":{"line":76,"column":2},"end":{"line":76,"column":7}},"loc":{"start":{"line":76,"column":19},"end":{"line":80,"column":3}}},"6":{"name":"(anonymous_10)","decl":{"start":{"line":83,"column":2},"end":{"line":83,"column":7}},"loc":{"start":{"line":83,"column":18},"end":{"line":85,"column":3}}},"7":{"name":"(anonymous_11)","decl":{"start":{"line":88,"column":2},"end":{"line":88,"column":7}},"loc":{"start":{"line":88,"column":58},"end":{"line":156,"column":3}}},"8":{"name":"(anonymous_12)","decl":{"start":{"line":159,"column":2},"end":{"line":159,"column":7}},"loc":{"start":{"line":159,"column":29},"end":{"line":179,"column":3}}},"9":{"name":"(anonymous_13)","decl":{"start":{"line":182,"column":2},"end":{"line":182,"column":7}},"loc":{"start":{"line":182,"column":27},"end":{"line":184,"column":3}}}},"branchMap":{"0":{"loc":{"start":{"line":61,"column":6},"end":{"line":61,"column":29}},"type":"if","locations":[{"start":{"line":61,"column":6},"end":{"line":61,"column":29}}]},"1":{"loc":{"start":{"line":91,"column":4},"end":{"line":93,"column":5}},"type":"if","locations":[{"start":{"line":91,"column":4},"end":{"line":93,"column":5}}]},"2":{"loc":{"start":{"line":96,"column":4},"end":{"line":109,"column":5}},"type":"if","locations":[{"start":{"line":96,"column":4},"end":{"line":109,"column":5}}]},"3":{"loc":{"start":{"line":98,"column":6},"end":{"line":100,"column":7}},"type":"if","locations":[{"start":{"line":98,"column":6},"end":{"line":100,"column":7}}]},"4":{"loc":{"start":{"line":105,"column":6},"end":{"line":107,"column":7}},"type":"if","locations":[{"start":{"line":105,"column":6},"end":{"line":107,"column":7}}]},"5":{"loc":{"start":{"line":112,"column":4},"end":{"line":120,"column":5}},"type":"if","locations":[{"start":{"line":112,"column":4},"end":{"line":120,"column":5}}]},"6":{"loc":{"start":{"line":116,"column":6},"end":{"line":118,"column":7}},"type":"if","locations":[{"start":{"line":116,"column":6},"end":{"line":118,"column":7}}]},"7":{"loc":{"start":{"line":116,"column":10},"end":{"line":116,"column":64}},"type":"binary-expr","locations":[{"start":{"line":116,"column":10},"end":{"line":116,"column":22}},{"start":{"line":116,"column":26},"end":{"line":116,"column":64}}]},"8":{"loc":{"start":{"line":123,"column":4},"end":{"line":123,"column":65}},"type":"if","locations":[{"start":{"line":123,"column":4},"end":{"line":123,"column":65}}]},"9":{"loc":{"start":{"line":124,"column":4},"end":{"line":124,"column":65}},"type":"if","locations":[{"start":{"line":124,"column":4},"end":{"line":124,"column":65}}]},"10":{"loc":{"start":{"line":125,"column":4},"end":{"line":125,"column":65}},"type":"if","locations":[{"start":{"line":125,"column":4},"end":{"line":125,"column":65}}]},"11":{"loc":{"start":{"line":136,"column":4},"end":{"line":138,"column":5}},"type":"if","locations":[{"start":{"line":136,"column":4},"end":{"line":138,"column":5}}]},"12":{"loc":{"start":{"line":143,"column":12},"end":{"line":143,"column":44}},"type":"binary-expr","locations":[{"start":{"line":143,"column":12},"end":{"line":143,"column":36}},{"start":{"line":143,"column":40},"end":{"line":143,"column":44}}]},"13":{"loc":{"start":{"line":161,"column":4},"end":{"line":163,"column":5}},"type":"if","locations":[{"start":{"line":161,"column":4},"end":{"line":163,"column":5}}]}},"s":{"0":0,"1":0,"2":0,"3":0,"4":0,"5":0,"6":0,"7":0,"8":0,"9":0,"10":0,"11":0,"12":0,"13":0,"14":0,"15":0,"16":0,"17":0,"18":0,"19":0,"20":0,"21":0,"22":0,"23":0,"24":0,"25":0,"26":0,"27":0,"28":0,"29":0,"30":0,"31":0,"32":0,"33":0,"34":0,"35":0,"36":0,"37":0,"38":0,"39":0,"40":0,"41":0,"42":0,"43":0,"44":0,"45":0,"46":0,"47":0,"48":0,"49":0,"50":0,"51":0,"52":0,"53":0,"54":0,"55":0,"56":0,"57":0,"58":0,"59":0,"60":0,"61":0,"62":0,"63":0,"64":0,"65":0},"f":{"0":0,"1":0,"2":0,"3":0,"4":0,"5":0,"6":0,"7":0,"8":0,"9":0},"b":{"0":[0],"1":[0],"2":[0],"3":[0],"4":[0],"5":[0],"6":[0],"7":[0,0],"8":[0],"9":[0],"10":[0],"11":[0],"12":[0,0],"13":[0]}}
}
